2023-09-13 04:24:55.750 [info] Log level: Info
2023-09-13 04:24:55.750 [info] Validating found git in: "git"
2023-09-13 04:24:55.750 [info] Using git "2.42.0" from "git"
2023-09-13 04:24:55.751 [info] > git rev-parse --show-toplevel [533ms]
2023-09-13 04:24:55.763 [info] > git rev-parse --git-dir --git-common-dir [28ms]
2023-09-13 04:24:55.802 [info] Open repository: /home/maina
2023-09-13 04:24:56.160 [info] > git rev-parse --show-toplevel [41ms]
2023-09-13 04:24:56.163 [info] > git config --get commit.template [258ms]
2023-09-13 04:24:56.285 [info] No remotes found in the git config file.
2023-09-13 04:24:56.357 [info] > git rev-parse --show-toplevel [22ms]
2023-09-13 04:24:56.358 [info] > git for-each-ref --format=%(refname)%00%(upstream:short)%00%(objectname)%00%(upstream:track)%00%(upstream:remotename)%00%(upstream:remoteref) refs/heads/main refs/remotes/main [76ms]
2023-09-13 04:24:56.451 [info] > git rev-parse --show-toplevel [15ms]
2023-09-13 04:24:56.561 [info] > git rev-parse --show-toplevel [10ms]
2023-09-13 04:24:56.581 [info] > git rev-parse --git-dir --git-common-dir [8ms]
2023-09-13 04:24:56.602 [info] Open repository: /home/maina/.nvm
2023-09-13 04:24:56.663 [info] > git rev-parse --show-toplevel [31ms]
2023-09-13 04:24:56.665 [info] > git config --get commit.template [42ms]
2023-09-13 04:24:56.819 [info] > git check-ignore -v -z --stdin [166ms]
2023-09-13 04:24:56.826 [info] > git rev-parse --show-toplevel [65ms]
2023-09-13 04:24:56.878 [info] > git for-each-ref --format %(refname) %(objectname) %(*objectname) refs/tags [60ms]
2023-09-13 04:24:56.925 [info] > git rev-parse --show-toplevel [50ms]
2023-09-13 04:24:56.949 [info] > git rev-parse --show-toplevel [3ms]
2023-09-13 04:24:56.952 [info] > git status -z -uall [31ms]
2023-09-13 04:24:57.036 [info] > git config --get commit.template [5ms]
2023-09-13 04:24:57.038 [info] > git rev-parse --show-toplevel [38ms]
2023-09-13 04:24:57.152 [info] > git rev-parse --git-dir --git-common-dir [56ms]
2023-09-13 04:24:57.179 [info] Open repository: /home/maina/phase-0-html-experiencing-html-lab
2023-09-13 04:24:57.200 [info] > git for-each-ref --format %(refname) %(objectname) %(*objectname) refs/tags [59ms]
2023-09-13 04:24:57.315 [info] > git status -z -uall [929ms]
2023-09-13 04:24:57.315 [info] > git status -z -uall [80ms]
2023-09-13 04:24:57.316 [info] > git config --get commit.template [17ms]
2023-09-13 04:24:57.317 [info] > git rev-parse --show-toplevel [41ms]
2023-09-13 04:24:59.986 [info] > git check-ignore -v -z --stdin [128ms]
2023-09-13 04:25:00.000 [info] > git check-ignore -v -z --stdin [79ms]
2023-09-13 04:25:00.001 [info] > git check-ignore -v -z --stdin [32ms]
2023-09-13 04:25:00.002 [info] > git config --get commit.template [257ms]
2023-09-13 04:25:00.003 [info] > git rev-parse --git-dir --git-common-dir [272ms]
2023-09-13 04:25:00.021 [info] Open repository: /home/maina/phase-0-html-lists-lab
2023-09-13 04:25:00.023 [info] > git for-each-ref --format=%(refname)%00%(upstream:short)%00%(objectname)%00%(upstream:track)%00%(upstream:remotename)%00%(upstream:remoteref) refs/heads/master refs/remotes/master [300ms]
2023-09-13 04:25:00.136 [info] > git status -z -uall [93ms]
2023-09-13 04:25:00.176 [info] No remotes found in the git config file.
2023-09-13 04:25:00.188 [info] > git rev-parse --show-toplevel [52ms]
2023-09-13 04:25:00.278 [info] > git config --get commit.template [175ms]
2023-09-13 04:25:00.287 [info] > git show --textconv :document.html [81ms]
2023-09-13 04:25:00.287 [info] > git show --textconv :my_list.html [55ms]
2023-09-13 04:25:00.287 [info] > git ls-files --stage -- /home/maina/my_list.html [11ms]
2023-09-13 04:25:00.323 [info] > git ls-files --stage -- /home/maina/document.html [65ms]
2023-09-13 04:25:00.328 [info] > git config --get commit.template [141ms]
2023-09-13 04:25:00.328 [info] > git for-each-ref --format=%(refname)%00%(upstream:short)%00%(objectname)%00%(upstream:track)%00%(upstream:remotename)%00%(upstream:remoteref) refs/heads/main refs/remotes/main [153ms]
2023-09-13 04:25:00.395 [info] > git cat-file -s 4adb61d4f8baeebefaca2a45f48f8da78fa882c4 [72ms]
2023-09-13 04:25:00.472 [info] > git for-each-ref --format=%(refname)%00%(upstream:short)%00%(objectname)%00%(upstream:track)%00%(upstream:remotename)%00%(upstream:remoteref) refs/heads/master refs/remotes/master [78ms]
2023-09-13 04:25:00.591 [info] > git status -z -uall [23ms]
2023-09-13 04:25:00.591 [info] > git for-each-ref --format=%(refname)%00%(upstream:short)%00%(objectname)%00%(upstream:track)%00%(upstream:remotename)%00%(upstream:remoteref) refs/heads/master refs/remotes/master [122ms]
