2023-09-13 06:50:05.089 [info] Log level: Info
2023-09-13 06:50:05.089 [info] Validating found git in: "git"
2023-09-13 06:50:05.089 [info] Using git "2.42.0" from "git"
2023-09-13 06:50:05.089 [info] > git rev-parse --show-toplevel [105ms]
2023-09-13 06:50:05.089 [info] > git rev-parse --git-dir --git-common-dir [11ms]
2023-09-13 06:50:05.089 [info] Open repository: /home/maina
2023-09-13 06:50:05.279 [info] > git config --get commit.template [181ms]
2023-09-13 06:50:05.288 [info] > git rev-parse --show-toplevel [181ms]
2023-09-13 06:50:05.335 [info] No remotes found in the git config file.
2023-09-13 06:50:05.486 [info] > git for-each-ref --format=%(refname)%00%(upstream:short)%00%(objectname)%00%(upstream:track)%00%(upstream:remotename)%00%(upstream:remoteref) refs/heads/main refs/remotes/main [153ms]
2023-09-13 06:50:05.505 [info] > git rev-parse --show-toplevel [21ms]
2023-09-13 06:50:05.518 [info] > git rev-parse --show-toplevel [5ms]
2023-09-13 06:50:05.542 [info] > git rev-parse --show-toplevel [12ms]
2023-09-13 06:50:05.558 [info] > git rev-parse --git-dir --git-common-dir [3ms]
2023-09-13 06:50:05.574 [info] Open repository: /home/maina/.nvm
2023-09-13 06:50:05.685 [info] > git config --get commit.template [54ms]
2023-09-13 06:50:05.688 [info] > git rev-parse --show-toplevel [47ms]
2023-09-13 06:50:05.753 [info] > git for-each-ref --format %(refname) %(objectname) %(*objectname) refs/tags [46ms]
2023-09-13 06:50:05.785 [info] > git rev-parse --show-toplevel [54ms]
2023-09-13 06:50:05.856 [info] > git rev-parse --show-toplevel [32ms]
2023-09-13 06:50:05.996 [info] > git status -z -uall [212ms]
2023-09-13 06:50:06.027 [info] > git rev-parse --show-toplevel [148ms]
2023-09-13 06:50:06.102 [info] > git rev-parse --show-toplevel [43ms]
2023-09-13 06:50:06.102 [info] > git config --get commit.template [55ms]
2023-09-13 06:50:06.140 [info] > git rev-parse --git-dir --git-common-dir [27ms]
2023-09-13 06:50:06.156 [info] Open repository: /home/maina/phase-0-git-basics-lab
2023-09-13 06:50:06.218 [info] > git for-each-ref --format %(refname) %(objectname) %(*objectname) refs/tags [93ms]
2023-09-13 06:50:06.237 [info] > git check-ignore -v -z --stdin [57ms]
2023-09-13 06:50:06.239 [info] > git check-ignore -v -z --stdin [46ms]
2023-09-13 06:50:06.240 [info] > git status -z -uall [12ms]
2023-09-13 06:50:06.240 [info] > git rev-parse --show-toplevel [28ms]
2023-09-13 06:50:06.241 [info] > git config --get commit.template [37ms]
2023-09-13 06:50:06.276 [info] > git rev-parse --git-dir --git-common-dir [25ms]
2023-09-13 06:50:06.280 [info] Open repository: /home/maina/phase-0-html-experiencing-html-lab
2023-09-13 06:50:06.303 [info] > git status -z -uall [808ms]
2023-09-13 06:50:06.304 [info] > git for-each-ref --format=%(refname)%00%(upstream:short)%00%(objectname)%00%(upstream:track)%00%(upstream:remotename)%00%(upstream:remoteref) refs/heads/master refs/remotes/master [31ms]
2023-09-13 06:50:06.325 [info] > git rev-parse --show-toplevel [26ms]
2023-09-13 06:50:06.326 [info] > git config --get commit.template [35ms]
2023-09-13 06:50:09.174 [info] > git status -z -uall [2858ms]
2023-09-13 06:50:09.410 [info] > git config --get commit.template [255ms]
2023-09-13 06:50:09.411 [info] > git rev-parse --git-dir --git-common-dir [266ms]
2023-09-13 06:50:09.442 [info] Open repository: /home/maina/phase-0-html-images-lab
2023-09-13 06:50:09.479 [info] > git check-ignore -v -z --stdin [224ms]
2023-09-13 06:50:09.482 [info] > git check-ignore -v -z --stdin [195ms]
2023-09-13 06:50:09.487 [info] > git check-ignore -v -z --stdin [124ms]
2023-09-13 06:50:09.495 [info] > git check-ignore -v -z --stdin [120ms]
2023-09-13 06:50:09.502 [info] > git config --get commit.template [103ms]
2023-09-13 06:50:09.502 [info] > git for-each-ref --format=%(refname)%00%(upstream:short)%00%(objectname)%00%(upstream:track)%00%(upstream:remotename)%00%(upstream:remoteref) refs/heads/master refs/remotes/master [113ms]
2023-09-13 06:50:09.528 [info] No remotes found in the git config file.
2023-09-13 06:50:09.552 [info] > git status -z -uall [27ms]
2023-09-13 06:50:09.552 [info] > git rev-parse --show-toplevel [78ms]
2023-09-13 06:50:09.553 [info] > git config --get commit.template [95ms]
2023-09-13 06:50:09.594 [info] > git for-each-ref --format=%(refname)%00%(upstream:short)%00%(objectname)%00%(upstream:track)%00%(upstream:remotename)%00%(upstream:remoteref) refs/heads/main refs/remotes/main [44ms]
2023-09-13 06:50:09.698 [info] > git rev-parse --git-dir --git-common-dir [106ms]
2023-09-13 06:50:09.710 [info] Open repository: /home/maina/phase-0-html-lists-lab
2023-09-13 06:50:09.716 [info] > git for-each-ref --format=%(refname)%00%(upstream:short)%00%(objectname)%00%(upstream:track)%00%(upstream:remotename)%00%(upstream:remoteref) refs/heads/master refs/remotes/master [141ms]
2023-09-13 06:50:09.755 [info] > git config --get commit.template [59ms]
2023-09-13 06:50:09.756 [info] > git for-each-ref --format=%(refname)%00%(upstream:short)%00%(objectname)%00%(upstream:track)%00%(upstream:remotename)%00%(upstream:remoteref) refs/heads/master refs/remotes/master [87ms]
2023-09-13 06:50:09.771 [info] > git status -z -uall [45ms]
2023-09-13 06:50:09.771 [info] > git rev-parse --show-toplevel [19ms]
2023-09-13 06:50:09.805 [info] > git config --get commit.template [65ms]
2023-09-13 06:50:09.828 [info] > git status -z -uall [62ms]
2023-09-13 06:50:09.828 [info] > git show --textconv :my_list.html [37ms]
2023-09-13 06:50:09.829 [info] > git ls-files --stage -- /home/maina/my_list.html [26ms]
2023-09-13 06:50:09.928 [info] > git cat-file -s 4adb61d4f8baeebefaca2a45f48f8da78fa882c4 [76ms]
2023-09-13 06:50:09.941 [info] > git for-each-ref --format=%(refname)%00%(upstream:short)%00%(objectname)%00%(upstream:track)%00%(upstream:remotename)%00%(upstream:remoteref) refs/heads/master refs/remotes/master [122ms]
2023-09-13 06:50:09.974 [info] > git status -z -uall [364ms]
2023-09-13 06:50:09.974 [info] > git status -z -uall [18ms]
2023-09-13 06:50:09.977 [info] > git config --get commit.template [60ms]
2023-09-13 06:50:09.978 [info] > git for-each-ref --format=%(refname)%00%(upstream:short)%00%(objectname)%00%(upstream:track)%00%(upstream:remotename)%00%(upstream:remoteref) refs/heads/master refs/remotes/master [78ms]
2023-09-13 06:50:12.958 [info] > git status -z -uall [2961ms]
2023-09-13 06:50:13.046 [info] > git for-each-ref --format=%(refname)%00%(upstream:short)%00%(objectname)%00%(upstream:track)%00%(upstream:remotename)%00%(upstream:remoteref) refs/heads/master refs/remotes/master [110ms]
2023-09-13 06:50:13.126 [info] > git config --get commit.template [82ms]
2023-09-13 06:50:13.161 [info] > git status -z -uall [42ms]
2023-09-13 06:50:13.178 [info] > git for-each-ref --format=%(refname)%00%(upstream:short)%00%(objectname)%00%(upstream:track)%00%(upstream:remotename)%00%(upstream:remoteref) refs/heads/master refs/remotes/master [19ms]
2023-09-13 06:50:13.202 [info] > git status -z -uall [11ms]
2023-09-13 06:50:13.546 [info] > git check-ignore -v -z --stdin [92ms]
2023-09-13 06:50:13.556 [info] > git check-ignore -v -z --stdin [77ms]
2023-09-13 06:50:13.559 [info] > git check-ignore -v -z --stdin [75ms]
2023-09-13 06:50:13.560 [info] > git check-ignore -v -z --stdin [57ms]
2023-09-13 06:50:13.560 [info] > git check-ignore -v -z --stdin [39ms]
2023-09-13 06:50:13.561 [info] > git check-ignore -v -z --stdin [23ms]
2023-09-13 06:50:16.035 [info] > git config --get commit.template [2ms]
2023-09-13 06:50:16.035 [info] No remotes found in the git config file.
2023-09-13 06:50:16.046 [info] > git for-each-ref --format=%(refname)%00%(upstream:short)%00%(objectname)%00%(upstream:track)%00%(upstream:remotename)%00%(upstream:remoteref) refs/heads/main refs/remotes/main [2ms]
2023-09-13 06:50:16.126 [info] > git status -z -uall [70ms]
2023-09-13 06:50:19.880 [info] > git check-ignore -v -z --stdin [15ms]
2023-09-13 06:50:21.377 [info] No remotes found in the git config file.
2023-09-13 06:50:21.379 [info] > git config --get commit.template [18ms]
2023-09-13 06:50:21.380 [info] > git for-each-ref --format=%(refname)%00%(upstream:short)%00%(objectname)%00%(upstream:track)%00%(upstream:remotename)%00%(upstream:remoteref) refs/heads/main refs/remotes/main [4ms]
2023-09-13 06:50:21.510 [info] > git status -z -uall [109ms]
2023-09-13 06:50:24.614 [info] > git show --textconv :document.html [14ms]
2023-09-13 06:50:24.617 [info] > git ls-files --stage -- /home/maina/document.html [6ms]
2023-09-13 06:50:24.962 [info] > git check-ignore -v -z --stdin [3ms]
2023-09-13 06:50:26.804 [info] > git config --get commit.template [3ms]
2023-09-13 06:50:26.817 [info] No remotes found in the git config file.
2023-09-13 06:50:26.819 [info] > git for-each-ref --format=%(refname)%00%(upstream:short)%00%(objectname)%00%(upstream:track)%00%(upstream:remotename)%00%(upstream:remoteref) refs/heads/main refs/remotes/main [2ms]
2023-09-13 06:50:26.903 [info] > git status -z -uall [75ms]
2023-09-13 06:50:32.160 [info] No remotes found in the git config file.
2023-09-13 06:50:32.161 [info] > git config --get commit.template [11ms]
2023-09-13 06:50:32.161 [info] > git for-each-ref --format=%(refname)%00%(upstream:short)%00%(objectname)%00%(upstream:track)%00%(upstream:remotename)%00%(upstream:remoteref) refs/heads/main refs/remotes/main [2ms]
2023-09-13 06:50:32.228 [info] > git status -z -uall [59ms]
2023-09-13 06:50:42.449 [info] No remotes found in the git config file.
2023-09-13 06:50:42.457 [info] > git config --get commit.template [35ms]
2023-09-13 06:50:42.474 [info] > git for-each-ref --format=%(refname)%00%(upstream:short)%00%(objectname)%00%(upstream:track)%00%(upstream:remotename)%00%(upstream:remoteref) refs/heads/main refs/remotes/main [25ms]
2023-09-13 06:50:42.677 [info] > git status -z -uall [165ms]
2023-09-13 06:50:47.901 [info] > git config --get commit.template [3ms]
2023-09-13 06:50:47.918 [info] No remotes found in the git config file.
2023-09-13 06:50:47.920 [info] > git for-each-ref --format=%(refname)%00%(upstream:short)%00%(objectname)%00%(upstream:track)%00%(upstream:remotename)%00%(upstream:remoteref) refs/heads/main refs/remotes/main [2ms]
2023-09-13 06:50:48.024 [info] > git status -z -uall [91ms]
2023-09-13 06:50:53.303 [info] No remotes found in the git config file.
2023-09-13 06:50:53.304 [info] > git config --get commit.template [17ms]
2023-09-13 06:50:53.305 [info] > git for-each-ref --format=%(refname)%00%(upstream:short)%00%(objectname)%00%(upstream:track)%00%(upstream:remotename)%00%(upstream:remoteref) refs/heads/main refs/remotes/main [3ms]
2023-09-13 06:50:53.386 [info] > git status -z -uall [69ms]
2023-09-13 06:51:00.311 [info] No remotes found in the git config file.
2023-09-13 06:51:00.313 [info] > git config --get commit.template [32ms]
2023-09-13 06:51:00.316 [info] > git for-each-ref --format=%(refname)%00%(upstream:short)%00%(objectname)%00%(upstream:track)%00%(upstream:remotename)%00%(upstream:remoteref) refs/heads/main refs/remotes/main [5ms]
2023-09-13 06:51:00.465 [info] > git status -z -uall [103ms]
2023-09-13 06:51:03.807 [info] > git show --textconv :document.html [16ms]
2023-09-13 06:51:03.810 [info] > git ls-files --stage -- /home/maina/document.html [5ms]
2023-09-13 06:51:05.939 [info] No remotes found in the git config file.
2023-09-13 06:51:05.940 [info] > git config --get commit.template [14ms]
2023-09-13 06:51:05.940 [info] > git for-each-ref --format=%(refname)%00%(upstream:short)%00%(objectname)%00%(upstream:track)%00%(upstream:remotename)%00%(upstream:remoteref) refs/heads/main refs/remotes/main [2ms]
2023-09-13 06:51:06.014 [info] > git status -z -uall [64ms]
2023-09-13 06:51:11.261 [info] > git config --get commit.template [3ms]
2023-09-13 06:51:11.274 [info] No remotes found in the git config file.
2023-09-13 06:51:11.275 [info] > git for-each-ref --format=%(refname)%00%(upstream:short)%00%(objectname)%00%(upstream:track)%00%(upstream:remotename)%00%(upstream:remoteref) refs/heads/main refs/remotes/main [1ms]
2023-09-13 06:51:11.348 [info] > git status -z -uall [63ms]
2023-09-13 06:51:16.585 [info] > git config --get commit.template [2ms]
2023-09-13 06:51:16.597 [info] No remotes found in the git config file.
2023-09-13 06:51:16.599 [info] > git for-each-ref --format=%(refname)%00%(upstream:short)%00%(objectname)%00%(upstream:track)%00%(upstream:remotename)%00%(upstream:remoteref) refs/heads/main refs/remotes/main [2ms]
2023-09-13 06:51:16.678 [info] > git status -z -uall [66ms]
2023-09-13 06:51:21.906 [info] No remotes found in the git config file.
2023-09-13 06:51:21.906 [info] > git config --get commit.template [15ms]
2023-09-13 06:51:21.907 [info] > git for-each-ref --format=%(refname)%00%(upstream:short)%00%(objectname)%00%(upstream:track)%00%(upstream:remotename)%00%(upstream:remoteref) refs/heads/main refs/remotes/main [4ms]
2023-09-13 06:51:21.975 [info] > git status -z -uall [59ms]
2023-09-13 06:51:24.694 [info] > git show --textconv :my_list.html [19ms]
2023-09-13 06:51:24.697 [info] > git ls-files --stage -- /home/maina/my_list.html [5ms]
2023-09-13 06:51:24.711 [info] > git cat-file -s 4adb61d4f8baeebefaca2a45f48f8da78fa882c4 [2ms]
2023-09-13 06:51:25.112 [info] > git show --textconv :document.html [31ms]
2023-09-13 06:51:25.119 [info] > git ls-files --stage -- /home/maina/document.html [9ms]
2023-09-13 06:51:27.299 [info] No remotes found in the git config file.
2023-09-13 06:51:27.300 [info] > git config --get commit.template [16ms]
2023-09-13 06:51:27.302 [info] > git for-each-ref --format=%(refname)%00%(upstream:short)%00%(objectname)%00%(upstream:track)%00%(upstream:remotename)%00%(upstream:remoteref) refs/heads/main refs/remotes/main [4ms]
2023-09-13 06:51:27.353 [info] > git show --textconv :my_list.html [15ms]
2023-09-13 06:51:27.356 [info] > git ls-files --stage -- /home/maina/my_list.html [4ms]
2023-09-13 06:51:27.372 [info] > git cat-file -s 4adb61d4f8baeebefaca2a45f48f8da78fa882c4 [3ms]
2023-09-13 06:51:27.399 [info] > git status -z -uall [88ms]
2023-09-13 06:51:30.506 [info] > git show --textconv :document.html [14ms]
2023-09-13 06:51:30.509 [info] > git ls-files --stage -- /home/maina/document.html [4ms]
2023-09-13 06:51:32.680 [info] No remotes found in the git config file.
2023-09-13 06:51:32.681 [info] > git config --get commit.template [18ms]
2023-09-13 06:51:32.681 [info] > git for-each-ref --format=%(refname)%00%(upstream:short)%00%(objectname)%00%(upstream:track)%00%(upstream:remotename)%00%(upstream:remoteref) refs/heads/main refs/remotes/main [2ms]
2023-09-13 06:51:32.777 [info] > git status -z -uall [83ms]
2023-09-13 06:51:38.059 [info] No remotes found in the git config file.
2023-09-13 06:51:38.061 [info] > git config --get commit.template [19ms]
2023-09-13 06:51:38.061 [info] > git for-each-ref --format=%(refname)%00%(upstream:short)%00%(objectname)%00%(upstream:track)%00%(upstream:remotename)%00%(upstream:remoteref) refs/heads/main refs/remotes/main [2ms]
2023-09-13 06:51:38.134 [info] > git status -z -uall [62ms]
2023-09-13 06:51:40.328 [info] > git check-ignore -v -z --stdin [1989ms]
2023-09-13 06:51:41.643 [info] > git check-ignore -v -z --stdin [2ms]
2023-09-13 06:51:43.343 [info] No remotes found in the git config file.
2023-09-13 06:51:43.356 [info] > git config --get commit.template [14ms]
2023-09-13 06:51:43.357 [info] > git for-each-ref --format=%(refname)%00%(upstream:short)%00%(objectname)%00%(upstream:track)%00%(upstream:remotename)%00%(upstream:remoteref) refs/heads/main refs/remotes/main [2ms]
2023-09-13 06:51:43.440 [info] > git status -z -uall [71ms]
2023-09-13 06:51:48.771 [info] No remotes found in the git config file.
2023-09-13 06:51:48.772 [info] > git config --get commit.template [13ms]
2023-09-13 06:51:48.772 [info] > git for-each-ref --format=%(refname)%00%(upstream:short)%00%(objectname)%00%(upstream:track)%00%(upstream:remotename)%00%(upstream:remoteref) refs/heads/main refs/remotes/main [1ms]
2023-09-13 06:51:48.846 [info] > git status -z -uall [62ms]
2023-09-13 06:51:51.799 [info] > git show --textconv :index.html [16ms]
2023-09-13 06:51:51.802 [info] > git ls-files --stage -- /home/maina/phase-0-html-images-lab/index.html [7ms]
2023-09-13 06:51:51.821 [info] > git cat-file -s 0c5cc306bb9a49a517e907757c72e8d7f7ac95b7 [1ms]
2023-09-13 06:51:54.094 [info] No remotes found in the git config file.
2023-09-13 06:51:54.096 [info] > git config --get commit.template [16ms]
2023-09-13 06:51:54.097 [info] > git for-each-ref --format=%(refname)%00%(upstream:short)%00%(objectname)%00%(upstream:track)%00%(upstream:remotename)%00%(upstream:remoteref) refs/heads/main refs/remotes/main [3ms]
2023-09-13 06:51:54.182 [info] > git status -z -uall [73ms]
2023-09-13 06:52:00.442 [info] No remotes found in the git config file.
2023-09-13 06:52:00.445 [info] > git config --get commit.template [33ms]
2023-09-13 06:52:00.448 [info] > git for-each-ref --format=%(refname)%00%(upstream:short)%00%(objectname)%00%(upstream:track)%00%(upstream:remotename)%00%(upstream:remoteref) refs/heads/main refs/remotes/main [8ms]
2023-09-13 06:52:00.610 [info] > git status -z -uall [133ms]
2023-09-13 06:52:05.947 [info] > git config --get commit.template [1ms]
2023-09-13 06:52:05.958 [info] No remotes found in the git config file.
2023-09-13 06:52:05.959 [info] > git for-each-ref --format=%(refname)%00%(upstream:short)%00%(objectname)%00%(upstream:track)%00%(upstream:remotename)%00%(upstream:remoteref) refs/heads/main refs/remotes/main [2ms]
2023-09-13 06:52:06.027 [info] > git status -z -uall [58ms]
2023-09-13 06:52:11.256 [info] No remotes found in the git config file.
2023-09-13 06:52:11.257 [info] > git config --get commit.template [13ms]
2023-09-13 06:52:11.258 [info] > git for-each-ref --format=%(refname)%00%(upstream:short)%00%(objectname)%00%(upstream:track)%00%(upstream:remotename)%00%(upstream:remoteref) refs/heads/main refs/remotes/main [1ms]
2023-09-13 06:52:11.327 [info] > git status -z -uall [60ms]
2023-09-13 06:52:16.539 [info] No remotes found in the git config file.
2023-09-13 06:52:16.539 [info] > git config --get commit.template [12ms]
2023-09-13 06:52:16.540 [info] > git for-each-ref --format=%(refname)%00%(upstream:short)%00%(objectname)%00%(upstream:track)%00%(upstream:remotename)%00%(upstream:remoteref) refs/heads/main refs/remotes/main [2ms]
2023-09-13 06:52:16.611 [info] > git status -z -uall [60ms]
2023-09-13 06:52:21.837 [info] No remotes found in the git config file.
2023-09-13 06:52:21.838 [info] > git config --get commit.template [16ms]
2023-09-13 06:52:21.838 [info] > git for-each-ref --format=%(refname)%00%(upstream:short)%00%(objectname)%00%(upstream:track)%00%(upstream:remotename)%00%(upstream:remoteref) refs/heads/main refs/remotes/main [2ms]
2023-09-13 06:52:21.907 [info] > git status -z -uall [59ms]
2023-09-13 06:52:27.133 [info] No remotes found in the git config file.
2023-09-13 06:52:27.134 [info] > git config --get commit.template [14ms]
2023-09-13 06:52:27.134 [info] > git for-each-ref --format=%(refname)%00%(upstream:short)%00%(objectname)%00%(upstream:track)%00%(upstream:remotename)%00%(upstream:remoteref) refs/heads/main refs/remotes/main [2ms]
2023-09-13 06:52:27.203 [info] > git status -z -uall [59ms]
2023-09-13 06:52:32.434 [info] No remotes found in the git config file.
2023-09-13 06:52:32.434 [info] > git config --get commit.template [14ms]
2023-09-13 06:52:32.435 [info] > git for-each-ref --format=%(refname)%00%(upstream:short)%00%(objectname)%00%(upstream:track)%00%(upstream:remotename)%00%(upstream:remoteref) refs/heads/main refs/remotes/main [2ms]
2023-09-13 06:52:32.504 [info] > git status -z -uall [59ms]
2023-09-13 06:52:37.721 [info] > git config --get commit.template [12ms]
2023-09-13 06:52:37.721 [info] No remotes found in the git config file.
2023-09-13 06:52:37.722 [info] > git for-each-ref --format=%(refname)%00%(upstream:short)%00%(objectname)%00%(upstream:track)%00%(upstream:remotename)%00%(upstream:remoteref) refs/heads/main refs/remotes/main [2ms]
2023-09-13 06:52:37.792 [info] > git status -z -uall [60ms]
2023-09-13 06:52:43.071 [info] No remotes found in the git config file.
2023-09-13 06:52:43.073 [info] > git config --get commit.template [27ms]
2023-09-13 06:52:43.073 [info] > git for-each-ref --format=%(refname)%00%(upstream:short)%00%(objectname)%00%(upstream:track)%00%(upstream:remotename)%00%(upstream:remoteref) refs/heads/main refs/remotes/main [3ms]
2023-09-13 06:52:43.146 [info] > git status -z -uall [59ms]
2023-09-13 06:52:48.365 [info] No remotes found in the git config file.
2023-09-13 06:52:48.367 [info] > git config --get commit.template [17ms]
2023-09-13 06:52:48.367 [info] > git for-each-ref --format=%(refname)%00%(upstream:short)%00%(objectname)%00%(upstream:track)%00%(upstream:remotename)%00%(upstream:remoteref) refs/heads/main refs/remotes/main [2ms]
2023-09-13 06:52:48.437 [info] > git status -z -uall [60ms]
2023-09-13 06:52:53.674 [info] > git config --get commit.template [2ms]
2023-09-13 06:52:53.685 [info] No remotes found in the git config file.
2023-09-13 06:52:53.686 [info] > git for-each-ref --format=%(refname)%00%(upstream:short)%00%(objectname)%00%(upstream:track)%00%(upstream:remotename)%00%(upstream:remoteref) refs/heads/main refs/remotes/main [2ms]
2023-09-13 06:52:53.756 [info] > git status -z -uall [60ms]
2023-09-13 06:52:58.986 [info] > git config --get commit.template [2ms]
2023-09-13 06:52:59.001 [info] No remotes found in the git config file.
2023-09-13 06:52:59.003 [info] > git for-each-ref --format=%(refname)%00%(upstream:short)%00%(objectname)%00%(upstream:track)%00%(upstream:remotename)%00%(upstream:remoteref) refs/heads/main refs/remotes/main [3ms]
2023-09-13 06:52:59.075 [info] > git status -z -uall [61ms]
2023-09-13 06:53:04.307 [info] > git config --get commit.template [15ms]
2023-09-13 06:53:04.308 [info] No remotes found in the git config file.
2023-09-13 06:53:04.309 [info] > git for-each-ref --format=%(refname)%00%(upstream:short)%00%(objectname)%00%(upstream:track)%00%(upstream:remotename)%00%(upstream:remoteref) refs/heads/main refs/remotes/main [3ms]
2023-09-13 06:53:04.392 [info] > git status -z -uall [70ms]
2023-09-13 06:53:09.641 [info] > git config --get commit.template [3ms]
2023-09-13 06:53:09.653 [info] No remotes found in the git config file.
2023-09-13 06:53:09.654 [info] > git for-each-ref --format=%(refname)%00%(upstream:short)%00%(objectname)%00%(upstream:track)%00%(upstream:remotename)%00%(upstream:remoteref) refs/heads/main refs/remotes/main [2ms]
2023-09-13 06:53:09.744 [info] > git status -z -uall [78ms]
2023-09-13 06:53:23.374 [info] > git config --get commit.template [3ms]
2023-09-13 06:53:23.391 [info] No remotes found in the git config file.
2023-09-13 06:53:23.397 [info] > git for-each-ref --format=%(refname)%00%(upstream:short)%00%(objectname)%00%(upstream:track)%00%(upstream:remotename)%00%(upstream:remoteref) refs/heads/main refs/remotes/main [7ms]
