0 verbose cli /home/maina/.nvm/versions/node/v20.5.1/bin/node /home/maina/.nvm/versions/node/v20.5.1/bin/npm
1 info using npm@9.8.0
2 info using node@v20.5.1
3 timing npm:load:whichnode Completed in 5ms
4 timing config:load:defaults Completed in 3ms
5 timing config:load:file:/home/maina/.nvm/versions/node/v20.5.1/lib/node_modules/npm/npmrc Completed in 1ms
6 timing config:load:builtin Completed in 1ms
7 timing config:load:cli Completed in 2ms
8 timing config:load:env Completed in 0ms
9 timing config:load:project Completed in 11ms
10 timing config:load:file:/home/maina/.npmrc Completed in 0ms
11 timing config:load:user Completed in 0ms
12 timing config:load:file:/home/maina/.nvm/versions/node/v20.5.1/etc/npmrc Completed in 0ms
13 timing config:load:global Completed in 0ms
14 timing config:load:setEnvs Completed in 2ms
15 timing config:load Completed in 23ms
16 timing npm:load:configload Completed in 23ms
17 timing config:load:flatten Completed in 2ms
18 timing npm:load:mkdirpcache Completed in 1ms
19 timing npm:load:mkdirplogs Completed in 1ms
20 verbose title npm install
21 verbose argv "install"
22 timing npm:load:setTitle Completed in 1ms
23 timing npm:load:display Completed in 1ms
24 verbose logfile logs-max:10 dir:/home/maina/.npm/_logs/2023-09-12T07_39_17_336Z-
25 verbose logfile /home/maina/.npm/_logs/2023-09-12T07_39_17_336Z-debug-0.log
26 timing npm:load:logFile Completed in 13ms
27 timing npm:load:timers Completed in 0ms
28 timing npm:load:configScope Completed in 0ms
29 timing npm:load Completed in 70ms
30 timing config:load:flatten Completed in 0ms
31 timing arborist:ctor Completed in 1ms
32 silly logfile done cleaning log files
33 timing arborist:ctor Completed in 0ms
34 timing idealTree:init Completed in 14ms
35 timing idealTree:userRequests Completed in 0ms
36 silly idealTree buildDeps
37 timing idealTree:#root Completed in 1ms
38 timing idealTree:buildDeps Completed in 2ms
39 timing idealTree:fixDepFlags Completed in 0ms
40 timing idealTree Completed in 18ms
41 timing reify:loadTrees Completed in 20ms
42 timing reify:diffTrees Completed in 1ms
43 silly reify moves {}
44 timing reify:retireShallow Completed in 3ms
45 timing reify:createSparse Completed in 0ms
46 timing reify:loadBundles Completed in 0ms
47 timing reify:unpack Completed in 0ms
48 timing reify:unretire Completed in 0ms
49 timing build:queue Completed in 0ms
50 timing build:deps Completed in 1ms
51 timing build Completed in 1ms
52 timing reify:build Completed in 2ms
53 timing reify:trash Completed in 0ms
54 timing reify:save Completed in 16ms
55 timing reify Completed in 151ms
56 timing command:install Completed in 158ms
57 verbose stack Error: ENOENT: no such file or directory, open '/home/maina/package.json'
58 verbose cwd /home/maina
59 verbose Linux 5.15.90.1-microsoft-standard-WSL2
60 verbose node v20.5.1
61 verbose npm  v9.8.0
62 error code ENOENT
63 error syscall open
64 error path /home/maina/package.json
65 error errno -2
66 error enoent ENOENT: no such file or directory, open '/home/maina/package.json'
67 error enoent This is related to npm not being able to find a file.
67 error enoent
68 verbose exit -2
69 timing npm Completed in 709ms
70 verbose code -2
71 error A complete log of this run can be found in: /home/maina/.npm/_logs/2023-09-12T07_39_17_336Z-debug-0.log
