2023-09-12 10:38:39.452 [info] Extension host with pid 63618 started
2023-09-12 10:38:39.552 [info] ExtensionService#_doActivateExtension vscode.emmet, startup: false, activationEvent: 'onLanguage'
2023-09-12 10:38:39.662 [info] Lock '/home/maina/.vscode-server/data/User/workspaceStorage/1987ce79cd8adb9638f94565be064c25/vscode.lock': Lock acquired.
2023-09-12 10:38:39.749 [info] ExtensionService#_doActivateExtension vscode.git-base, startup: true, activationEvent: '*', root cause: vscode.git
2023-09-12 10:38:39.750 [info] ExtensionService#_doActivateExtension kamikillerto.vscode-colorize, startup: true, activationEvent: '*'
2023-09-12 10:38:39.986 [info] ExtensionService#_doActivateExtension vscode.git, startup: true, activationEvent: '*'
2023-09-12 10:38:39.998 [info] ExtensionService#_doActivateExtension vscode.github, startup: true, activationEvent: '*'
2023-09-12 10:38:40.815 [info] Eager extensions activated
2023-09-12 10:38:40.816 [info] ExtensionService#_doActivateExtension vscode.debug-auto-launch, startup: false, activationEvent: 'onStartupFinished'
2023-09-12 10:38:40.818 [info] ExtensionService#_doActivateExtension vscode.merge-conflict, startup: false, activationEvent: 'onStartupFinished'
2023-09-12 10:38:40.819 [info] ExtensionService#_doActivateExtension esbenp.prettier-vscode, startup: false, activationEvent: 'onStartupFinished'
2023-09-12 10:38:40.821 [info] ExtensionService#_doActivateExtension ritwickdey.LiveServer, startup: false, activationEvent: 'onStartupFinished'
2023-09-12 10:38:43.646 [warning] [Decorations] CAPPING events from decorations provider vscode.git 6400
2023-09-12 10:38:45.409 [warning] [Decorations] CAPPING events from decorations provider vscode.git 6400
2023-09-12 10:38:50.867 [warning] [Decorations] CAPPING events from decorations provider vscode.git 6400
2023-09-12 10:46:42.086 [warning] [Decorations] CAPPING events from decorations provider vscode.git 6403
2023-09-12 10:46:47.564 [warning] [Decorations] CAPPING events from decorations provider vscode.git 6403
2023-09-12 10:47:05.052 [warning] [Decorations] CAPPING events from decorations provider vscode.git 6403
2023-09-12 10:47:10.640 [warning] [Decorations] CAPPING events from decorations provider vscode.git 6405
2023-09-12 10:47:30.880 [warning] [Decorations] CAPPING events from decorations provider vscode.git 6405
2023-09-12 10:47:36.146 [warning] [Decorations] CAPPING events from decorations provider vscode.git 6405
2023-09-12 10:47:43.872 [warning] [Decorations] CAPPING events from decorations provider vscode.git 6406
2023-09-12 10:47:49.213 [warning] [Decorations] CAPPING events from decorations provider vscode.git 6406
2023-09-12 10:47:54.532 [warning] [Decorations] CAPPING events from decorations provider vscode.git 6406
2023-09-12 10:47:55.638 [info] ExtensionService#_doActivateExtension vscode.json-language-features, startup: false, activationEvent: 'onLanguage:jsonc'
2023-09-12 10:47:55.638 [info] ExtensionService#_doActivateExtension vscode.typescript-language-features, startup: false, activationEvent: 'onLanguage:jsonc'
2023-09-12 10:47:59.855 [warning] [Decorations] CAPPING events from decorations provider vscode.git 6408
2023-09-12 10:48:08.357 [warning] [Decorations] CAPPING events from decorations provider vscode.git 6408
2023-09-12 10:48:13.868 [warning] [Decorations] CAPPING events from decorations provider vscode.git 6409
2023-09-12 10:48:15.173 [info] ExtensionService#_doActivateExtension vscode.html-language-features, startup: false, activationEvent: 'onLanguage:html'
2023-09-12 10:48:20.030 [warning] [Decorations] CAPPING events from decorations provider vscode.git 6409
2023-09-12 10:48:25.353 [warning] [Decorations] CAPPING events from decorations provider vscode.git 6409
2023-09-12 10:48:46.214 [warning] [Decorations] CAPPING events from decorations provider vscode.git 6411
2023-09-12 10:48:51.509 [warning] [Decorations] CAPPING events from decorations provider vscode.git 6411
2023-09-12 10:49:04.314 [warning] [Decorations] CAPPING events from decorations provider vscode.git 6411
2023-09-12 10:49:09.590 [warning] [Decorations] CAPPING events from decorations provider vscode.git 6411
2023-09-12 10:49:14.940 [warning] [Decorations] CAPPING events from decorations provider vscode.git 6411
2023-09-12 10:49:49.771 [warning] [Decorations] CAPPING events from decorations provider vscode.git 6411
2023-09-12 10:49:55.727 [warning] [Decorations] CAPPING events from decorations provider vscode.git 6411
2023-09-12 10:50:01.038 [warning] [Decorations] CAPPING events from decorations provider vscode.git 6411
2023-09-12 10:50:06.352 [warning] [Decorations] CAPPING events from decorations provider vscode.git 6411
2023-09-12 10:50:11.718 [warning] [Decorations] CAPPING events from decorations provider vscode.git 6412
2023-09-12 10:50:35.236 [warning] [Decorations] CAPPING events from decorations provider vscode.git 6412
2023-09-12 10:50:40.601 [warning] [Decorations] CAPPING events from decorations provider vscode.git 6413
2023-09-12 10:50:45.977 [warning] [Decorations] CAPPING events from decorations provider vscode.git 6413
2023-09-12 10:51:34.601 [warning] [Decorations] CAPPING events from decorations provider vscode.git 6413
2023-09-12 10:51:39.977 [warning] [Decorations] CAPPING events from decorations provider vscode.git 6414
2023-09-12 10:52:06.227 [warning] [Decorations] CAPPING events from decorations provider vscode.git 6414
2023-09-12 10:52:11.561 [warning] [Decorations] CAPPING events from decorations provider vscode.git 6415
2023-09-12 10:52:48.384 [warning] [Decorations] CAPPING events from decorations provider vscode.git 6415
2023-09-12 10:52:53.694 [warning] [Decorations] CAPPING events from decorations provider vscode.git 6416
2023-09-12 10:52:59.028 [warning] [Decorations] CAPPING events from decorations provider vscode.git 6416
2023-09-12 10:53:04.308 [warning] [Decorations] CAPPING events from decorations provider vscode.git 6416
2023-09-12 10:53:09.774 [warning] [Decorations] CAPPING events from decorations provider vscode.git 6416
2023-09-12 10:53:15.148 [warning] [Decorations] CAPPING events from decorations provider vscode.git 6419
2023-09-12 10:53:20.484 [warning] [Decorations] CAPPING events from decorations provider vscode.git 6419
2023-09-12 10:53:26.033 [warning] [Decorations] CAPPING events from decorations provider vscode.git 6419
2023-09-12 10:53:31.394 [warning] [Decorations] CAPPING events from decorations provider vscode.git 6419
2023-09-12 10:53:36.795 [warning] [Decorations] CAPPING events from decorations provider vscode.git 6419
2023-09-12 10:54:09.237 [warning] [Decorations] CAPPING events from decorations provider vscode.git 6419
2023-09-12 10:54:14.516 [warning] [Decorations] CAPPING events from decorations provider vscode.git 6419
2023-09-12 10:54:20.853 [warning] [Decorations] CAPPING events from decorations provider vscode.git 6419
2023-09-12 10:54:26.111 [warning] [Decorations] CAPPING events from decorations provider vscode.git 6419
2023-09-12 10:54:31.516 [warning] [Decorations] CAPPING events from decorations provider vscode.git 6419
2023-09-12 10:54:36.913 [warning] [Decorations] CAPPING events from decorations provider vscode.git 6419
2023-09-12 10:54:42.262 [warning] [Decorations] CAPPING events from decorations provider vscode.git 6419
2023-09-12 10:54:47.559 [warning] [Decorations] CAPPING events from decorations provider vscode.git 6419
2023-09-12 10:54:52.918 [warning] [Decorations] CAPPING events from decorations provider vscode.git 6419
2023-09-12 10:54:59.308 [warning] [Decorations] CAPPING events from decorations provider vscode.git 6419
2023-09-12 10:55:00.411 [info] ExtensionService#_doActivateExtension vscode.npm, startup: false, activationEvent: 'onTerminalQuickFixRequest:ms-vscode.npm-command'
2023-09-12 10:55:04.601 [warning] [Decorations] CAPPING events from decorations provider vscode.git 6419
2023-09-12 10:55:09.893 [warning] [Decorations] CAPPING events from decorations provider vscode.git 6419
2023-09-12 10:55:15.522 [warning] [Decorations] CAPPING events from decorations provider vscode.git 6419
2023-09-12 10:55:20.758 [warning] [Decorations] CAPPING events from decorations provider vscode.git 6419
2023-09-12 10:55:26.059 [warning] [Decorations] CAPPING events from decorations provider vscode.git 6419
2023-09-12 10:55:31.516 [warning] [Decorations] CAPPING events from decorations provider vscode.git 6419
2023-09-12 10:55:36.842 [warning] [Decorations] CAPPING events from decorations provider vscode.git 6419
2023-09-12 10:55:43.302 [warning] [Decorations] CAPPING events from decorations provider vscode.git 6419
2023-09-12 10:55:48.850 [warning] [Decorations] CAPPING events from decorations provider vscode.git 6419
2023-09-12 10:55:54.218 [warning] [Decorations] CAPPING events from decorations provider vscode.git 6419
2023-09-12 10:56:02.877 [warning] [Decorations] CAPPING events from decorations provider vscode.git 6419
2023-09-12 10:56:08.246 [warning] [Decorations] CAPPING events from decorations provider vscode.git 6419
2023-09-12 10:56:13.564 [warning] [Decorations] CAPPING events from decorations provider vscode.git 6419
2023-09-12 10:56:19.024 [warning] [Decorations] CAPPING events from decorations provider vscode.git 6419
2023-09-12 10:56:24.495 [warning] [Decorations] CAPPING events from decorations provider vscode.git 6419
2023-09-12 10:56:29.797 [warning] [Decorations] CAPPING events from decorations provider vscode.git 6419
2023-09-12 10:56:35.106 [warning] [Decorations] CAPPING events from decorations provider vscode.git 6419
2023-09-12 10:56:40.339 [warning] [Decorations] CAPPING events from decorations provider vscode.git 6419
2023-09-12 10:56:45.697 [warning] [Decorations] CAPPING events from decorations provider vscode.git 6419
2023-09-12 10:56:51.163 [warning] [Decorations] CAPPING events from decorations provider vscode.git 6419
2023-09-12 10:56:56.553 [warning] [Decorations] CAPPING events from decorations provider vscode.git 6419
2023-09-12 10:57:02.031 [warning] [Decorations] CAPPING events from decorations provider vscode.git 6419
2023-09-12 10:57:07.420 [warning] [Decorations] CAPPING events from decorations provider vscode.git 6419
2023-09-12 10:57:12.763 [warning] [Decorations] CAPPING events from decorations provider vscode.git 6419
2023-09-12 10:57:17.996 [warning] [Decorations] CAPPING events from decorations provider vscode.git 6419
2023-09-12 10:57:23.321 [warning] [Decorations] CAPPING events from decorations provider vscode.git 6419
2023-09-12 10:57:28.681 [warning] [Decorations] CAPPING events from decorations provider vscode.git 6419
2023-09-12 10:57:34.022 [warning] [Decorations] CAPPING events from decorations provider vscode.git 6419
2023-09-12 10:57:39.232 [warning] [Decorations] CAPPING events from decorations provider vscode.git 6419
2023-09-12 10:57:44.523 [warning] [Decorations] CAPPING events from decorations provider vscode.git 6419
2023-09-12 10:57:49.897 [warning] [Decorations] CAPPING events from decorations provider vscode.git 6419
2023-09-12 10:57:55.180 [warning] [Decorations] CAPPING events from decorations provider vscode.git 6419
2023-09-12 10:58:15.307 [warning] [Decorations] CAPPING events from decorations provider vscode.git 6419
2023-09-12 10:59:13.500 [warning] [Decorations] CAPPING events from decorations provider vscode.git 6419
2023-09-12 11:04:52.412 [warning] [Decorations] CAPPING events from decorations provider vscode.git 6419
2023-09-12 11:04:57.797 [warning] [Decorations] CAPPING events from decorations provider vscode.git 6419
2023-09-12 11:05:33.607 [warning] [Decorations] CAPPING events from decorations provider vscode.git 6419
2023-09-12 11:05:39.015 [warning] [Decorations] CAPPING events from decorations provider vscode.git 6419
2023-09-12 11:05:44.334 [warning] [Decorations] CAPPING events from decorations provider vscode.git 6420
2023-09-12 11:05:49.654 [warning] [Decorations] CAPPING events from decorations provider vscode.git 6420
2023-09-12 11:05:55.001 [warning] [Decorations] CAPPING events from decorations provider vscode.git 6420
2023-09-12 11:06:05.391 [warning] [Decorations] CAPPING events from decorations provider vscode.git 6420
2023-09-12 11:06:10.684 [warning] [Decorations] CAPPING events from decorations provider vscode.git 6422
2023-09-12 11:06:22.048 [warning] [Decorations] CAPPING events from decorations provider vscode.git 6422
2023-09-12 11:06:35.650 [warning] [Decorations] CAPPING events from decorations provider vscode.git 6422
2023-09-12 11:06:41.059 [warning] [Decorations] CAPPING events from decorations provider vscode.git 6423
2023-09-12 11:06:46.489 [warning] [Decorations] CAPPING events from decorations provider vscode.git 6423
2023-09-12 11:07:20.612 [warning] [Decorations] CAPPING events from decorations provider vscode.git 6423
2023-09-12 11:07:25.998 [warning] [Decorations] CAPPING events from decorations provider vscode.git 6424
2023-09-12 11:08:11.310 [warning] [Decorations] CAPPING events from decorations provider vscode.git 6424
2023-09-12 11:08:16.585 [warning] [Decorations] CAPPING events from decorations provider vscode.git 6424
2023-09-12 11:08:21.959 [warning] [Decorations] CAPPING events from decorations provider vscode.git 6425
2023-09-12 11:08:27.277 [warning] [Decorations] CAPPING events from decorations provider vscode.git 6425
2023-09-12 11:08:32.650 [warning] [Decorations] CAPPING events from decorations provider vscode.git 6425
2023-09-12 11:08:45.805 [warning] [Decorations] CAPPING events from decorations provider vscode.git 6425
2023-09-12 11:08:51.114 [warning] [Decorations] CAPPING events from decorations provider vscode.git 6426
2023-09-12 11:08:56.535 [warning] [Decorations] CAPPING events from decorations provider vscode.git 6426
2023-09-12 11:09:01.848 [warning] [Decorations] CAPPING events from decorations provider vscode.git 6426
2023-09-12 11:09:07.234 [warning] [Decorations] CAPPING events from decorations provider vscode.git 6426
2023-09-12 11:09:14.725 [warning] [Decorations] CAPPING events from decorations provider vscode.git 6426
2023-09-12 11:09:19.750 [info] ExtensionService#_doActivateExtension vscode.debug-server-ready, startup: false, activationEvent: 'onDebugResolve'
2023-09-12 11:09:19.754 [info] ExtensionService#_doActivateExtension ms-vscode.js-debug, startup: false, activationEvent: 'onDebugResolve:pwa-chrome'
2023-09-12 11:09:20.376 [warning] [Decorations] CAPPING events from decorations provider vscode.git 6426
2023-09-12 11:09:22.043 [info] ExtensionService#_doActivateExtension vscode.tunnel-forwarding, startup: false, activationEvent: 'onTunnel'
2023-09-12 11:09:29.801 [warning] [Decorations] CAPPING events from decorations provider vscode.git 6426
2023-09-12 11:09:35.113 [warning] [Decorations] CAPPING events from decorations provider vscode.git 6426
2023-09-12 11:09:40.445 [warning] [Decorations] CAPPING events from decorations provider vscode.git 6427
2023-09-12 11:09:45.739 [warning] [Decorations] CAPPING events from decorations provider vscode.git 6427
2023-09-12 11:09:51.192 [warning] [Decorations] CAPPING events from decorations provider vscode.git 6427
2023-09-12 11:10:06.458 [warning] [Decorations] CAPPING events from decorations provider vscode.git 6427
2023-09-12 11:10:11.762 [warning] [Decorations] CAPPING events from decorations provider vscode.git 6428
2023-09-12 11:10:17.171 [warning] [Decorations] CAPPING events from decorations provider vscode.git 6428
2023-09-12 11:10:22.639 [warning] [Decorations] CAPPING events from decorations provider vscode.git 6428
2023-09-12 11:10:27.956 [warning] [Decorations] CAPPING events from decorations provider vscode.git 6428
2023-09-12 11:10:34.354 [warning] [Decorations] CAPPING events from decorations provider vscode.git 6428
2023-09-12 11:10:39.739 [warning] [Decorations] CAPPING events from decorations provider vscode.git 6428
2023-09-12 11:10:46.360 [warning] [Decorations] CAPPING events from decorations provider vscode.git 6428
2023-09-12 11:10:51.772 [warning] [Decorations] CAPPING events from decorations provider vscode.git 6428
2023-09-12 11:10:57.191 [warning] [Decorations] CAPPING events from decorations provider vscode.git 6429
2023-09-12 11:11:04.667 [warning] [Decorations] CAPPING events from decorations provider vscode.git 6429
2023-09-12 11:11:10.125 [warning] [Decorations] CAPPING events from decorations provider vscode.git 6429
2023-09-12 11:11:17.737 [warning] [Decorations] CAPPING events from decorations provider vscode.git 6429
2023-09-12 11:11:47.953 [warning] [Decorations] CAPPING events from decorations provider vscode.git 6429
2023-09-12 11:12:09.408 [warning] [Decorations] CAPPING events from decorations provider vscode.git 6429
2023-09-12 11:12:14.685 [warning] [Decorations] CAPPING events from decorations provider vscode.git 6430
2023-09-12 11:12:59.228 [warning] [Decorations] CAPPING events from decorations provider vscode.git 6430
2023-09-12 11:13:04.608 [warning] [Decorations] CAPPING events from decorations provider vscode.git 6430
2023-09-12 11:13:09.971 [warning] [Decorations] CAPPING events from decorations provider vscode.git 6430
2023-09-12 11:16:02.103 [warning] [Decorations] CAPPING events from decorations provider vscode.git 6430
2023-09-12 11:16:07.572 [warning] [Decorations] CAPPING events from decorations provider vscode.git 6430
2023-09-12 11:16:13.946 [info] Extension host terminating: received terminate message from renderer
2023-09-12 11:16:13.949 [info] Lock '/home/maina/.vscode-server/data/User/workspaceStorage/1987ce79cd8adb9638f94565be064c25/vscode.lock': Marking the lockfile as scheduled to be released in 6000 ms.
2023-09-12 11:16:14.269 [error] Canceled: Canceled
	at new h (/home/maina/.vscode-server/bin/8b617bd08fd9e3fc94d14adb8d358b56e3f72314/out/vs/workbench/api/node/extensionHostProcess.js:108:57382)
	at i.O (/home/maina/.vscode-server/bin/8b617bd08fd9e3fc94d14adb8d358b56e3f72314/out/vs/workbench/api/node/extensionHostProcess.js:117:10850)
	at j.<computed>.T.charCodeAt.j.<computed> (/home/maina/.vscode-server/bin/8b617bd08fd9e3fc94d14adb8d358b56e3f72314/out/vs/workbench/api/node/extensionHostProcess.js:117:8289)
	at r.g (/home/maina/.vscode-server/bin/8b617bd08fd9e3fc94d14adb8d358b56e3f72314/out/vs/workbench/api/node/extensionHostProcess.js:108:82208)
	at r.executeCommand (/home/maina/.vscode-server/bin/8b617bd08fd9e3fc94d14adb8d358b56e3f72314/out/vs/workbench/api/node/extensionHostProcess.js:108:81646)
	at u.registerCommand.description (/home/maina/.vscode-server/bin/8b617bd08fd9e3fc94d14adb8d358b56e3f72314/out/vs/workbench/api/node/extensionHostProcess.js:108:80967)
	at r.h (/home/maina/.vscode-server/bin/8b617bd08fd9e3fc94d14adb8d358b56e3f72314/out/vs/workbench/api/node/extensionHostProcess.js:108:82744)
	at r.g (/home/maina/.vscode-server/bin/8b617bd08fd9e3fc94d14adb8d358b56e3f72314/out/vs/workbench/api/node/extensionHostProcess.js:108:81739)
	at r.executeCommand (/home/maina/.vscode-server/bin/8b617bd08fd9e3fc94d14adb8d358b56e3f72314/out/vs/workbench/api/node/extensionHostProcess.js:108:81646)
	at Object.executeCommand (/home/maina/.vscode-server/bin/8b617bd08fd9e3fc94d14adb8d358b56e3f72314/out/vs/workbench/api/node/extensionHostProcess.js:123:21247)
	at n.D [as value] (/home/maina/.vscode-server/bin/8b617bd08fd9e3fc94d14adb8d358b56e3f72314/extensions/git/dist/main.js:2:1309000)
	at m.w (/home/maina/.vscode-server/bin/8b617bd08fd9e3fc94d14adb8d358b56e3f72314/out/vs/workbench/api/node/extensionHostProcess.js:63:1902)
	at m.x (/home/maina/.vscode-server/bin/8b617bd08fd9e3fc94d14adb8d358b56e3f72314/out/vs/workbench/api/node/extensionHostProcess.js:63:1972)
	at m.fire (/home/maina/.vscode-server/bin/8b617bd08fd9e3fc94d14adb8d358b56e3f72314/out/vs/workbench/api/node/extensionHostProcess.js:63:2188)
	at Object.m [as dispose] (/home/maina/.vscode-server/bin/8b617bd08fd9e3fc94d14adb8d358b56e3f72314/extensions/git/dist/main.js:2:1324784)
	at /home/maina/.vscode-server/bin/8b617bd08fd9e3fc94d14adb8d358b56e3f72314/extensions/git/dist/main.js:2:1329625
	at Array.forEach (<anonymous>)
	at g.dispose (/home/maina/.vscode-server/bin/8b617bd08fd9e3fc94d14adb8d358b56e3f72314/extensions/git/dist/main.js:2:1329611)
	at E.<anonymous> (/home/maina/.vscode-server/bin/8b617bd08fd9e3fc94d14adb8d358b56e3f72314/out/vs/workbench/api/node/extensionHostProcess.js:104:3484)
	at E.dispose (/home/maina/.vscode-server/bin/8b617bd08fd9e3fc94d14adb8d358b56e3f72314/out/vs/workbench/api/node/extensionHostProcess.js:104:3581)
	at E.<anonymous> (/home/maina/.vscode-server/bin/8b617bd08fd9e3fc94d14adb8d358b56e3f72314/extensions/git/dist/main.js:2:1311012)
	at E.dispose (/home/maina/.vscode-server/bin/8b617bd08fd9e3fc94d14adb8d358b56e3f72314/out/vs/workbench/api/node/extensionHostProcess.js:104:3581)
	at k (/home/maina/.vscode-server/bin/8b617bd08fd9e3fc94d14adb8d358b56e3f72314/out/vs/workbench/api/node/extensionHostProcess.js:13:11730)
	at n.Z (/home/maina/.vscode-server/bin/8b617bd08fd9e3fc94d14adb8d358b56e3f72314/out/vs/workbench/api/node/extensionHostProcess.js:119:9652)
	at /home/maina/.vscode-server/bin/8b617bd08fd9e3fc94d14adb8d358b56e3f72314/out/vs/workbench/api/node/extensionHostProcess.js:119:7585
	at Array.map (<anonymous>)
	at n.S (/home/maina/.vscode-server/bin/8b617bd08fd9e3fc94d14adb8d358b56e3f72314/out/vs/workbench/api/node/extensionHostProcess.js:119:7572)
	at n.terminate (/home/maina/.vscode-server/bin/8b617bd08fd9e3fc94d14adb8d358b56e3f72314/out/vs/workbench/api/node/extensionHostProcess.js:119:7844)
	at o.terminate (/home/maina/.vscode-server/bin/8b617bd08fd9e3fc94d14adb8d358b56e3f72314/out/vs/workbench/api/node/extensionHostProcess.js:123:1513)
	at D (/home/maina/.vscode-server/bin/8b617bd08fd9e3fc94d14adb8d358b56e3f72314/out/vs/workbench/api/node/extensionHostProcess.js:136:9800)
	at n.value (/home/maina/.vscode-server/bin/8b617bd08fd9e3fc94d14adb8d358b56e3f72314/out/vs/workbench/api/node/extensionHostProcess.js:136:7847)
	at m.w (/home/maina/.vscode-server/bin/8b617bd08fd9e3fc94d14adb8d358b56e3f72314/out/vs/workbench/api/node/extensionHostProcess.js:63:1902)
	at m.fire (/home/maina/.vscode-server/bin/8b617bd08fd9e3fc94d14adb8d358b56e3f72314/out/vs/workbench/api/node/extensionHostProcess.js:63:2119)
	at v.fire (/home/maina/.vscode-server/bin/8b617bd08fd9e3fc94d14adb8d358b56e3f72314/out/vs/workbench/api/node/extensionHostProcess.js:79:13940)
	at s.z (/home/maina/.vscode-server/bin/8b617bd08fd9e3fc94d14adb8d358b56e3f72314/out/vs/workbench/api/node/extensionHostProcess.js:79:17005)
	at n.value (/home/maina/.vscode-server/bin/8b617bd08fd9e3fc94d14adb8d358b56e3f72314/out/vs/workbench/api/node/extensionHostProcess.js:79:15457)
	at m.w (/home/maina/.vscode-server/bin/8b617bd08fd9e3fc94d14adb8d358b56e3f72314/out/vs/workbench/api/node/extensionHostProcess.js:63:1902)
	at m.fire (/home/maina/.vscode-server/bin/8b617bd08fd9e3fc94d14adb8d358b56e3f72314/out/vs/workbench/api/node/extensionHostProcess.js:63:2119)
	at n.acceptChunk (/home/maina/.vscode-server/bin/8b617bd08fd9e3fc94d14adb8d358b56e3f72314/out/vs/workbench/api/node/extensionHostProcess.js:79:11714)
	at n.value (/home/maina/.vscode-server/bin/8b617bd08fd9e3fc94d14adb8d358b56e3f72314/out/vs/workbench/api/node/extensionHostProcess.js:79:11001)
	at m.w (/home/maina/.vscode-server/bin/8b617bd08fd9e3fc94d14adb8d358b56e3f72314/out/vs/workbench/api/node/extensionHostProcess.js:63:1902)
	at m.fire (/home/maina/.vscode-server/bin/8b617bd08fd9e3fc94d14adb8d358b56e3f72314/out/vs/workbench/api/node/extensionHostProcess.js:63:2119)
	at m.u (/home/maina/.vscode-server/bin/8b617bd08fd9e3fc94d14adb8d358b56e3f72314/out/vs/workbench/api/node/extensionHostProcess.js:133:19093)
	at m.acceptFrame (/home/maina/.vscode-server/bin/8b617bd08fd9e3fc94d14adb8d358b56e3f72314/out/vs/workbench/api/node/extensionHostProcess.js:133:18899)
	at a.l (/home/maina/.vscode-server/bin/8b617bd08fd9e3fc94d14adb8d358b56e3f72314/out/vs/workbench/api/node/extensionHostProcess.js:133:17532)
	at /home/maina/.vscode-server/bin/8b617bd08fd9e3fc94d14adb8d358b56e3f72314/out/vs/workbench/api/node/extensionHostProcess.js:133:14879
	at Socket.p (/home/maina/.vscode-server/bin/8b617bd08fd9e3fc94d14adb8d358b56e3f72314/out/vs/workbench/api/node/extensionHostProcess.js:133:12793)
	at Socket.emit (node:events:513:28)
	at addChunk (node:internal/streams/readable:324:12)
	at readableAddChunk (node:internal/streams/readable:297:9)
	at Readable.push (node:internal/streams/readable:234:10)
	at TCP.onStreamRead (node:internal/stream_base_commons:190:23) setContext undefined
2023-09-12 11:16:14.269 [error] Canceled: Canceled
	at new h (/home/maina/.vscode-server/bin/8b617bd08fd9e3fc94d14adb8d358b56e3f72314/out/vs/workbench/api/node/extensionHostProcess.js:108:57382)
	at i.O (/home/maina/.vscode-server/bin/8b617bd08fd9e3fc94d14adb8d358b56e3f72314/out/vs/workbench/api/node/extensionHostProcess.js:117:10850)
	at j.<computed>.T.charCodeAt.j.<computed> (/home/maina/.vscode-server/bin/8b617bd08fd9e3fc94d14adb8d358b56e3f72314/out/vs/workbench/api/node/extensionHostProcess.js:117:8289)
	at r.g (/home/maina/.vscode-server/bin/8b617bd08fd9e3fc94d14adb8d358b56e3f72314/out/vs/workbench/api/node/extensionHostProcess.js:108:82208)
	at r.executeCommand (/home/maina/.vscode-server/bin/8b617bd08fd9e3fc94d14adb8d358b56e3f72314/out/vs/workbench/api/node/extensionHostProcess.js:108:81646)
	at u.registerCommand.description (/home/maina/.vscode-server/bin/8b617bd08fd9e3fc94d14adb8d358b56e3f72314/out/vs/workbench/api/node/extensionHostProcess.js:108:80967)
	at r.h (/home/maina/.vscode-server/bin/8b617bd08fd9e3fc94d14adb8d358b56e3f72314/out/vs/workbench/api/node/extensionHostProcess.js:108:82744)
	at r.g (/home/maina/.vscode-server/bin/8b617bd08fd9e3fc94d14adb8d358b56e3f72314/out/vs/workbench/api/node/extensionHostProcess.js:108:81739)
	at r.executeCommand (/home/maina/.vscode-server/bin/8b617bd08fd9e3fc94d14adb8d358b56e3f72314/out/vs/workbench/api/node/extensionHostProcess.js:108:81646)
	at Object.executeCommand (/home/maina/.vscode-server/bin/8b617bd08fd9e3fc94d14adb8d358b56e3f72314/out/vs/workbench/api/node/extensionHostProcess.js:123:21247)
	at n.D [as value] (/home/maina/.vscode-server/bin/8b617bd08fd9e3fc94d14adb8d358b56e3f72314/extensions/git/dist/main.js:2:1309000)
	at m.w (/home/maina/.vscode-server/bin/8b617bd08fd9e3fc94d14adb8d358b56e3f72314/out/vs/workbench/api/node/extensionHostProcess.js:63:1902)
	at m.x (/home/maina/.vscode-server/bin/8b617bd08fd9e3fc94d14adb8d358b56e3f72314/out/vs/workbench/api/node/extensionHostProcess.js:63:1972)
	at m.fire (/home/maina/.vscode-server/bin/8b617bd08fd9e3fc94d14adb8d358b56e3f72314/out/vs/workbench/api/node/extensionHostProcess.js:63:2188)
	at Object.m [as dispose] (/home/maina/.vscode-server/bin/8b617bd08fd9e3fc94d14adb8d358b56e3f72314/extensions/git/dist/main.js:2:1324784)
	at /home/maina/.vscode-server/bin/8b617bd08fd9e3fc94d14adb8d358b56e3f72314/extensions/git/dist/main.js:2:1329625
	at Array.forEach (<anonymous>)
	at g.dispose (/home/maina/.vscode-server/bin/8b617bd08fd9e3fc94d14adb8d358b56e3f72314/extensions/git/dist/main.js:2:1329611)
	at E.<anonymous> (/home/maina/.vscode-server/bin/8b617bd08fd9e3fc94d14adb8d358b56e3f72314/out/vs/workbench/api/node/extensionHostProcess.js:104:3484)
	at E.dispose (/home/maina/.vscode-server/bin/8b617bd08fd9e3fc94d14adb8d358b56e3f72314/out/vs/workbench/api/node/extensionHostProcess.js:104:3581)
	at E.<anonymous> (/home/maina/.vscode-server/bin/8b617bd08fd9e3fc94d14adb8d358b56e3f72314/extensions/git/dist/main.js:2:1311012)
	at E.dispose (/home/maina/.vscode-server/bin/8b617bd08fd9e3fc94d14adb8d358b56e3f72314/out/vs/workbench/api/node/extensionHostProcess.js:104:3581)
	at k (/home/maina/.vscode-server/bin/8b617bd08fd9e3fc94d14adb8d358b56e3f72314/out/vs/workbench/api/node/extensionHostProcess.js:13:11730)
	at n.Z (/home/maina/.vscode-server/bin/8b617bd08fd9e3fc94d14adb8d358b56e3f72314/out/vs/workbench/api/node/extensionHostProcess.js:119:9652)
	at /home/maina/.vscode-server/bin/8b617bd08fd9e3fc94d14adb8d358b56e3f72314/out/vs/workbench/api/node/extensionHostProcess.js:119:7585
	at Array.map (<anonymous>)
	at n.S (/home/maina/.vscode-server/bin/8b617bd08fd9e3fc94d14adb8d358b56e3f72314/out/vs/workbench/api/node/extensionHostProcess.js:119:7572)
	at n.terminate (/home/maina/.vscode-server/bin/8b617bd08fd9e3fc94d14adb8d358b56e3f72314/out/vs/workbench/api/node/extensionHostProcess.js:119:7844)
	at o.terminate (/home/maina/.vscode-server/bin/8b617bd08fd9e3fc94d14adb8d358b56e3f72314/out/vs/workbench/api/node/extensionHostProcess.js:123:1513)
	at D (/home/maina/.vscode-server/bin/8b617bd08fd9e3fc94d14adb8d358b56e3f72314/out/vs/workbench/api/node/extensionHostProcess.js:136:9800)
	at n.value (/home/maina/.vscode-server/bin/8b617bd08fd9e3fc94d14adb8d358b56e3f72314/out/vs/workbench/api/node/extensionHostProcess.js:136:7847)
	at m.w (/home/maina/.vscode-server/bin/8b617bd08fd9e3fc94d14adb8d358b56e3f72314/out/vs/workbench/api/node/extensionHostProcess.js:63:1902)
	at m.fire (/home/maina/.vscode-server/bin/8b617bd08fd9e3fc94d14adb8d358b56e3f72314/out/vs/workbench/api/node/extensionHostProcess.js:63:2119)
	at v.fire (/home/maina/.vscode-server/bin/8b617bd08fd9e3fc94d14adb8d358b56e3f72314/out/vs/workbench/api/node/extensionHostProcess.js:79:13940)
	at s.z (/home/maina/.vscode-server/bin/8b617bd08fd9e3fc94d14adb8d358b56e3f72314/out/vs/workbench/api/node/extensionHostProcess.js:79:17005)
	at n.value (/home/maina/.vscode-server/bin/8b617bd08fd9e3fc94d14adb8d358b56e3f72314/out/vs/workbench/api/node/extensionHostProcess.js:79:15457)
	at m.w (/home/maina/.vscode-server/bin/8b617bd08fd9e3fc94d14adb8d358b56e3f72314/out/vs/workbench/api/node/extensionHostProcess.js:63:1902)
	at m.fire (/home/maina/.vscode-server/bin/8b617bd08fd9e3fc94d14adb8d358b56e3f72314/out/vs/workbench/api/node/extensionHostProcess.js:63:2119)
	at n.acceptChunk (/home/maina/.vscode-server/bin/8b617bd08fd9e3fc94d14adb8d358b56e3f72314/out/vs/workbench/api/node/extensionHostProcess.js:79:11714)
	at n.value (/home/maina/.vscode-server/bin/8b617bd08fd9e3fc94d14adb8d358b56e3f72314/out/vs/workbench/api/node/extensionHostProcess.js:79:11001)
	at m.w (/home/maina/.vscode-server/bin/8b617bd08fd9e3fc94d14adb8d358b56e3f72314/out/vs/workbench/api/node/extensionHostProcess.js:63:1902)
	at m.fire (/home/maina/.vscode-server/bin/8b617bd08fd9e3fc94d14adb8d358b56e3f72314/out/vs/workbench/api/node/extensionHostProcess.js:63:2119)
	at m.u (/home/maina/.vscode-server/bin/8b617bd08fd9e3fc94d14adb8d358b56e3f72314/out/vs/workbench/api/node/extensionHostProcess.js:133:19093)
	at m.acceptFrame (/home/maina/.vscode-server/bin/8b617bd08fd9e3fc94d14adb8d358b56e3f72314/out/vs/workbench/api/node/extensionHostProcess.js:133:18899)
	at a.l (/home/maina/.vscode-server/bin/8b617bd08fd9e3fc94d14adb8d358b56e3f72314/out/vs/workbench/api/node/extensionHostProcess.js:133:17532)
	at /home/maina/.vscode-server/bin/8b617bd08fd9e3fc94d14adb8d358b56e3f72314/out/vs/workbench/api/node/extensionHostProcess.js:133:14879
	at Socket.p (/home/maina/.vscode-server/bin/8b617bd08fd9e3fc94d14adb8d358b56e3f72314/out/vs/workbench/api/node/extensionHostProcess.js:133:12793)
	at Socket.emit (node:events:513:28)
	at addChunk (node:internal/streams/readable:324:12)
	at readableAddChunk (node:internal/streams/readable:297:9)
	at Readable.push (node:internal/streams/readable:234:10)
	at TCP.onStreamRead (node:internal/stream_base_commons:190:23) setContext undefined
2023-09-12 11:16:14.270 [error] Canceled: Canceled
	at new h (/home/maina/.vscode-server/bin/8b617bd08fd9e3fc94d14adb8d358b56e3f72314/out/vs/workbench/api/node/extensionHostProcess.js:108:57382)
	at i.O (/home/maina/.vscode-server/bin/8b617bd08fd9e3fc94d14adb8d358b56e3f72314/out/vs/workbench/api/node/extensionHostProcess.js:117:10850)
	at j.<computed>.T.charCodeAt.j.<computed> (/home/maina/.vscode-server/bin/8b617bd08fd9e3fc94d14adb8d358b56e3f72314/out/vs/workbench/api/node/extensionHostProcess.js:117:8289)
	at r.g (/home/maina/.vscode-server/bin/8b617bd08fd9e3fc94d14adb8d358b56e3f72314/out/vs/workbench/api/node/extensionHostProcess.js:108:82208)
	at r.executeCommand (/home/maina/.vscode-server/bin/8b617bd08fd9e3fc94d14adb8d358b56e3f72314/out/vs/workbench/api/node/extensionHostProcess.js:108:81646)
	at u.registerCommand.description (/home/maina/.vscode-server/bin/8b617bd08fd9e3fc94d14adb8d358b56e3f72314/out/vs/workbench/api/node/extensionHostProcess.js:108:80967)
	at r.h (/home/maina/.vscode-server/bin/8b617bd08fd9e3fc94d14adb8d358b56e3f72314/out/vs/workbench/api/node/extensionHostProcess.js:108:82744)
	at r.g (/home/maina/.vscode-server/bin/8b617bd08fd9e3fc94d14adb8d358b56e3f72314/out/vs/workbench/api/node/extensionHostProcess.js:108:81739)
	at r.executeCommand (/home/maina/.vscode-server/bin/8b617bd08fd9e3fc94d14adb8d358b56e3f72314/out/vs/workbench/api/node/extensionHostProcess.js:108:81646)
	at Object.executeCommand (/home/maina/.vscode-server/bin/8b617bd08fd9e3fc94d14adb8d358b56e3f72314/out/vs/workbench/api/node/extensionHostProcess.js:123:21247)
	at set b [as b] (/home/maina/.vscode-server/bin/8b617bd08fd9e3fc94d14adb8d358b56e3f72314/extensions/github/dist/extension.js:2:714434)
	at /home/maina/.vscode-server/bin/8b617bd08fd9e3fc94d14adb8d358b56e3f72314/extensions/github/dist/extension.js:2:715075
	at n.value (/home/maina/.vscode-server/bin/8b617bd08fd9e3fc94d14adb8d358b56e3f72314/extensions/git/dist/main.js:2:1396602)
	at m.w (/home/maina/.vscode-server/bin/8b617bd08fd9e3fc94d14adb8d358b56e3f72314/out/vs/workbench/api/node/extensionHostProcess.js:63:1902)
	at m.x (/home/maina/.vscode-server/bin/8b617bd08fd9e3fc94d14adb8d358b56e3f72314/out/vs/workbench/api/node/extensionHostProcess.js:63:1972)
	at m.fire (/home/maina/.vscode-server/bin/8b617bd08fd9e3fc94d14adb8d358b56e3f72314/out/vs/workbench/api/node/extensionHostProcess.js:63:2188)
	at Object.m [as dispose] (/home/maina/.vscode-server/bin/8b617bd08fd9e3fc94d14adb8d358b56e3f72314/extensions/git/dist/main.js:2:1324784)
	at /home/maina/.vscode-server/bin/8b617bd08fd9e3fc94d14adb8d358b56e3f72314/extensions/git/dist/main.js:2:1329625
	at Array.forEach (<anonymous>)
	at g.dispose (/home/maina/.vscode-server/bin/8b617bd08fd9e3fc94d14adb8d358b56e3f72314/extensions/git/dist/main.js:2:1329611)
	at E.<anonymous> (/home/maina/.vscode-server/bin/8b617bd08fd9e3fc94d14adb8d358b56e3f72314/out/vs/workbench/api/node/extensionHostProcess.js:104:3484)
	at E.dispose (/home/maina/.vscode-server/bin/8b617bd08fd9e3fc94d14adb8d358b56e3f72314/out/vs/workbench/api/node/extensionHostProcess.js:104:3581)
	at E.<anonymous> (/home/maina/.vscode-server/bin/8b617bd08fd9e3fc94d14adb8d358b56e3f72314/extensions/git/dist/main.js:2:1311012)
	at E.dispose (/home/maina/.vscode-server/bin/8b617bd08fd9e3fc94d14adb8d358b56e3f72314/out/vs/workbench/api/node/extensionHostProcess.js:104:3581)
	at k (/home/maina/.vscode-server/bin/8b617bd08fd9e3fc94d14adb8d358b56e3f72314/out/vs/workbench/api/node/extensionHostProcess.js:13:11730)
	at n.Z (/home/maina/.vscode-server/bin/8b617bd08fd9e3fc94d14adb8d358b56e3f72314/out/vs/workbench/api/node/extensionHostProcess.js:119:9652)
	at /home/maina/.vscode-server/bin/8b617bd08fd9e3fc94d14adb8d358b56e3f72314/out/vs/workbench/api/node/extensionHostProcess.js:119:7585
	at Array.map (<anonymous>)
	at n.S (/home/maina/.vscode-server/bin/8b617bd08fd9e3fc94d14adb8d358b56e3f72314/out/vs/workbench/api/node/extensionHostProcess.js:119:7572)
	at n.terminate (/home/maina/.vscode-server/bin/8b617bd08fd9e3fc94d14adb8d358b56e3f72314/out/vs/workbench/api/node/extensionHostProcess.js:119:7844)
	at o.terminate (/home/maina/.vscode-server/bin/8b617bd08fd9e3fc94d14adb8d358b56e3f72314/out/vs/workbench/api/node/extensionHostProcess.js:123:1513)
	at D (/home/maina/.vscode-server/bin/8b617bd08fd9e3fc94d14adb8d358b56e3f72314/out/vs/workbench/api/node/extensionHostProcess.js:136:9800)
	at n.value (/home/maina/.vscode-server/bin/8b617bd08fd9e3fc94d14adb8d358b56e3f72314/out/vs/workbench/api/node/extensionHostProcess.js:136:7847)
	at m.w (/home/maina/.vscode-server/bin/8b617bd08fd9e3fc94d14adb8d358b56e3f72314/out/vs/workbench/api/node/extensionHostProcess.js:63:1902)
	at m.fire (/home/maina/.vscode-server/bin/8b617bd08fd9e3fc94d14adb8d358b56e3f72314/out/vs/workbench/api/node/extensionHostProcess.js:63:2119)
	at v.fire (/home/maina/.vscode-server/bin/8b617bd08fd9e3fc94d14adb8d358b56e3f72314/out/vs/workbench/api/node/extensionHostProcess.js:79:13940)
	at s.z (/home/maina/.vscode-server/bin/8b617bd08fd9e3fc94d14adb8d358b56e3f72314/out/vs/workbench/api/node/extensionHostProcess.js:79:17005)
	at n.value (/home/maina/.vscode-server/bin/8b617bd08fd9e3fc94d14adb8d358b56e3f72314/out/vs/workbench/api/node/extensionHostProcess.js:79:15457)
	at m.w (/home/maina/.vscode-server/bin/8b617bd08fd9e3fc94d14adb8d358b56e3f72314/out/vs/workbench/api/node/extensionHostProcess.js:63:1902)
	at m.fire (/home/maina/.vscode-server/bin/8b617bd08fd9e3fc94d14adb8d358b56e3f72314/out/vs/workbench/api/node/extensionHostProcess.js:63:2119)
	at n.acceptChunk (/home/maina/.vscode-server/bin/8b617bd08fd9e3fc94d14adb8d358b56e3f72314/out/vs/workbench/api/node/extensionHostProcess.js:79:11714)
	at n.value (/home/maina/.vscode-server/bin/8b617bd08fd9e3fc94d14adb8d358b56e3f72314/out/vs/workbench/api/node/extensionHostProcess.js:79:11001)
	at m.w (/home/maina/.vscode-server/bin/8b617bd08fd9e3fc94d14adb8d358b56e3f72314/out/vs/workbench/api/node/extensionHostProcess.js:63:1902)
	at m.fire (/home/maina/.vscode-server/bin/8b617bd08fd9e3fc94d14adb8d358b56e3f72314/out/vs/workbench/api/node/extensionHostProcess.js:63:2119)
	at m.u (/home/maina/.vscode-server/bin/8b617bd08fd9e3fc94d14adb8d358b56e3f72314/out/vs/workbench/api/node/extensionHostProcess.js:133:19093)
	at m.acceptFrame (/home/maina/.vscode-server/bin/8b617bd08fd9e3fc94d14adb8d358b56e3f72314/out/vs/workbench/api/node/extensionHostProcess.js:133:18899)
	at a.l (/home/maina/.vscode-server/bin/8b617bd08fd9e3fc94d14adb8d358b56e3f72314/out/vs/workbench/api/node/extensionHostProcess.js:133:17532)
	at /home/maina/.vscode-server/bin/8b617bd08fd9e3fc94d14adb8d358b56e3f72314/out/vs/workbench/api/node/extensionHostProcess.js:133:14879
	at Socket.p (/home/maina/.vscode-server/bin/8b617bd08fd9e3fc94d14adb8d358b56e3f72314/out/vs/workbench/api/node/extensionHostProcess.js:133:12793)
	at Socket.emit (node:events:513:28)
	at addChunk (node:internal/streams/readable:324:12)
	at readableAddChunk (node:internal/streams/readable:297:9)
	at Readable.push (node:internal/streams/readable:234:10)
	at TCP.onStreamRead (node:internal/stream_base_commons:190:23) setContext undefined
2023-09-12 11:16:14.271 [error] Canceled: Canceled
	at new h (/home/maina/.vscode-server/bin/8b617bd08fd9e3fc94d14adb8d358b56e3f72314/out/vs/workbench/api/node/extensionHostProcess.js:108:57382)
	at i.O (/home/maina/.vscode-server/bin/8b617bd08fd9e3fc94d14adb8d358b56e3f72314/out/vs/workbench/api/node/extensionHostProcess.js:117:10850)
	at j.<computed>.T.charCodeAt.j.<computed> (/home/maina/.vscode-server/bin/8b617bd08fd9e3fc94d14adb8d358b56e3f72314/out/vs/workbench/api/node/extensionHostProcess.js:117:8289)
	at r.g (/home/maina/.vscode-server/bin/8b617bd08fd9e3fc94d14adb8d358b56e3f72314/out/vs/workbench/api/node/extensionHostProcess.js:108:82208)
	at r.executeCommand (/home/maina/.vscode-server/bin/8b617bd08fd9e3fc94d14adb8d358b56e3f72314/out/vs/workbench/api/node/extensionHostProcess.js:108:81646)
	at u.registerCommand.description (/home/maina/.vscode-server/bin/8b617bd08fd9e3fc94d14adb8d358b56e3f72314/out/vs/workbench/api/node/extensionHostProcess.js:108:80967)
	at r.h (/home/maina/.vscode-server/bin/8b617bd08fd9e3fc94d14adb8d358b56e3f72314/out/vs/workbench/api/node/extensionHostProcess.js:108:82744)
	at r.g (/home/maina/.vscode-server/bin/8b617bd08fd9e3fc94d14adb8d358b56e3f72314/out/vs/workbench/api/node/extensionHostProcess.js:108:81739)
	at r.executeCommand (/home/maina/.vscode-server/bin/8b617bd08fd9e3fc94d14adb8d358b56e3f72314/out/vs/workbench/api/node/extensionHostProcess.js:108:81646)
	at Object.executeCommand (/home/maina/.vscode-server/bin/8b617bd08fd9e3fc94d14adb8d358b56e3f72314/out/vs/workbench/api/node/extensionHostProcess.js:123:21247)
	at n.D [as value] (/home/maina/.vscode-server/bin/8b617bd08fd9e3fc94d14adb8d358b56e3f72314/extensions/git/dist/main.js:2:1309000)
	at m.w (/home/maina/.vscode-server/bin/8b617bd08fd9e3fc94d14adb8d358b56e3f72314/out/vs/workbench/api/node/extensionHostProcess.js:63:1902)
	at m.x (/home/maina/.vscode-server/bin/8b617bd08fd9e3fc94d14adb8d358b56e3f72314/out/vs/workbench/api/node/extensionHostProcess.js:63:1972)
	at m.fire (/home/maina/.vscode-server/bin/8b617bd08fd9e3fc94d14adb8d358b56e3f72314/out/vs/workbench/api/node/extensionHostProcess.js:63:2188)
	at Object.m [as dispose] (/home/maina/.vscode-server/bin/8b617bd08fd9e3fc94d14adb8d358b56e3f72314/extensions/git/dist/main.js:2:1324784)
	at /home/maina/.vscode-server/bin/8b617bd08fd9e3fc94d14adb8d358b56e3f72314/extensions/git/dist/main.js:2:1329625
	at Array.forEach (<anonymous>)
	at g.dispose (/home/maina/.vscode-server/bin/8b617bd08fd9e3fc94d14adb8d358b56e3f72314/extensions/git/dist/main.js:2:1329611)
	at E.<anonymous> (/home/maina/.vscode-server/bin/8b617bd08fd9e3fc94d14adb8d358b56e3f72314/out/vs/workbench/api/node/extensionHostProcess.js:104:3484)
	at E.dispose (/home/maina/.vscode-server/bin/8b617bd08fd9e3fc94d14adb8d358b56e3f72314/out/vs/workbench/api/node/extensionHostProcess.js:104:3581)
	at E.<anonymous> (/home/maina/.vscode-server/bin/8b617bd08fd9e3fc94d14adb8d358b56e3f72314/extensions/git/dist/main.js:2:1311012)
	at E.dispose (/home/maina/.vscode-server/bin/8b617bd08fd9e3fc94d14adb8d358b56e3f72314/out/vs/workbench/api/node/extensionHostProcess.js:104:3581)
	at k (/home/maina/.vscode-server/bin/8b617bd08fd9e3fc94d14adb8d358b56e3f72314/out/vs/workbench/api/node/extensionHostProcess.js:13:11730)
	at n.Z (/home/maina/.vscode-server/bin/8b617bd08fd9e3fc94d14adb8d358b56e3f72314/out/vs/workbench/api/node/extensionHostProcess.js:119:9652)
	at /home/maina/.vscode-server/bin/8b617bd08fd9e3fc94d14adb8d358b56e3f72314/out/vs/workbench/api/node/extensionHostProcess.js:119:7585
	at Array.map (<anonymous>)
	at n.S (/home/maina/.vscode-server/bin/8b617bd08fd9e3fc94d14adb8d358b56e3f72314/out/vs/workbench/api/node/extensionHostProcess.js:119:7572)
	at n.terminate (/home/maina/.vscode-server/bin/8b617bd08fd9e3fc94d14adb8d358b56e3f72314/out/vs/workbench/api/node/extensionHostProcess.js:119:7844)
	at o.terminate (/home/maina/.vscode-server/bin/8b617bd08fd9e3fc94d14adb8d358b56e3f72314/out/vs/workbench/api/node/extensionHostProcess.js:123:1513)
	at D (/home/maina/.vscode-server/bin/8b617bd08fd9e3fc94d14adb8d358b56e3f72314/out/vs/workbench/api/node/extensionHostProcess.js:136:9800)
	at n.value (/home/maina/.vscode-server/bin/8b617bd08fd9e3fc94d14adb8d358b56e3f72314/out/vs/workbench/api/node/extensionHostProcess.js:136:7847)
	at m.w (/home/maina/.vscode-server/bin/8b617bd08fd9e3fc94d14adb8d358b56e3f72314/out/vs/workbench/api/node/extensionHostProcess.js:63:1902)
	at m.fire (/home/maina/.vscode-server/bin/8b617bd08fd9e3fc94d14adb8d358b56e3f72314/out/vs/workbench/api/node/extensionHostProcess.js:63:2119)
	at v.fire (/home/maina/.vscode-server/bin/8b617bd08fd9e3fc94d14adb8d358b56e3f72314/out/vs/workbench/api/node/extensionHostProcess.js:79:13940)
	at s.z (/home/maina/.vscode-server/bin/8b617bd08fd9e3fc94d14adb8d358b56e3f72314/out/vs/workbench/api/node/extensionHostProcess.js:79:17005)
	at n.value (/home/maina/.vscode-server/bin/8b617bd08fd9e3fc94d14adb8d358b56e3f72314/out/vs/workbench/api/node/extensionHostProcess.js:79:15457)
	at m.w (/home/maina/.vscode-server/bin/8b617bd08fd9e3fc94d14adb8d358b56e3f72314/out/vs/workbench/api/node/extensionHostProcess.js:63:1902)
	at m.fire (/home/maina/.vscode-server/bin/8b617bd08fd9e3fc94d14adb8d358b56e3f72314/out/vs/workbench/api/node/extensionHostProcess.js:63:2119)
	at n.acceptChunk (/home/maina/.vscode-server/bin/8b617bd08fd9e3fc94d14adb8d358b56e3f72314/out/vs/workbench/api/node/extensionHostProcess.js:79:11714)
	at n.value (/home/maina/.vscode-server/bin/8b617bd08fd9e3fc94d14adb8d358b56e3f72314/out/vs/workbench/api/node/extensionHostProcess.js:79:11001)
	at m.w (/home/maina/.vscode-server/bin/8b617bd08fd9e3fc94d14adb8d358b56e3f72314/out/vs/workbench/api/node/extensionHostProcess.js:63:1902)
	at m.fire (/home/maina/.vscode-server/bin/8b617bd08fd9e3fc94d14adb8d358b56e3f72314/out/vs/workbench/api/node/extensionHostProcess.js:63:2119)
	at m.u (/home/maina/.vscode-server/bin/8b617bd08fd9e3fc94d14adb8d358b56e3f72314/out/vs/workbench/api/node/extensionHostProcess.js:133:19093)
	at m.acceptFrame (/home/maina/.vscode-server/bin/8b617bd08fd9e3fc94d14adb8d358b56e3f72314/out/vs/workbench/api/node/extensionHostProcess.js:133:18899)
	at a.l (/home/maina/.vscode-server/bin/8b617bd08fd9e3fc94d14adb8d358b56e3f72314/out/vs/workbench/api/node/extensionHostProcess.js:133:17532)
	at /home/maina/.vscode-server/bin/8b617bd08fd9e3fc94d14adb8d358b56e3f72314/out/vs/workbench/api/node/extensionHostProcess.js:133:14879
	at Socket.p (/home/maina/.vscode-server/bin/8b617bd08fd9e3fc94d14adb8d358b56e3f72314/out/vs/workbench/api/node/extensionHostProcess.js:133:12793)
	at Socket.emit (node:events:513:28)
	at addChunk (node:internal/streams/readable:324:12)
	at readableAddChunk (node:internal/streams/readable:297:9)
	at Readable.push (node:internal/streams/readable:234:10)
	at TCP.onStreamRead (node:internal/stream_base_commons:190:23) setContext undefined
2023-09-12 11:16:14.272 [error] Canceled: Canceled
	at new h (/home/maina/.vscode-server/bin/8b617bd08fd9e3fc94d14adb8d358b56e3f72314/out/vs/workbench/api/node/extensionHostProcess.js:108:57382)
	at i.O (/home/maina/.vscode-server/bin/8b617bd08fd9e3fc94d14adb8d358b56e3f72314/out/vs/workbench/api/node/extensionHostProcess.js:117:10850)
	at j.<computed>.T.charCodeAt.j.<computed> (/home/maina/.vscode-server/bin/8b617bd08fd9e3fc94d14adb8d358b56e3f72314/out/vs/workbench/api/node/extensionHostProcess.js:117:8289)
	at r.g (/home/maina/.vscode-server/bin/8b617bd08fd9e3fc94d14adb8d358b56e3f72314/out/vs/workbench/api/node/extensionHostProcess.js:108:82208)
	at r.executeCommand (/home/maina/.vscode-server/bin/8b617bd08fd9e3fc94d14adb8d358b56e3f72314/out/vs/workbench/api/node/extensionHostProcess.js:108:81646)
	at u.registerCommand.description (/home/maina/.vscode-server/bin/8b617bd08fd9e3fc94d14adb8d358b56e3f72314/out/vs/workbench/api/node/extensionHostProcess.js:108:80967)
	at r.h (/home/maina/.vscode-server/bin/8b617bd08fd9e3fc94d14adb8d358b56e3f72314/out/vs/workbench/api/node/extensionHostProcess.js:108:82744)
	at r.g (/home/maina/.vscode-server/bin/8b617bd08fd9e3fc94d14adb8d358b56e3f72314/out/vs/workbench/api/node/extensionHostProcess.js:108:81739)
	at r.executeCommand (/home/maina/.vscode-server/bin/8b617bd08fd9e3fc94d14adb8d358b56e3f72314/out/vs/workbench/api/node/extensionHostProcess.js:108:81646)
	at Object.executeCommand (/home/maina/.vscode-server/bin/8b617bd08fd9e3fc94d14adb8d358b56e3f72314/out/vs/workbench/api/node/extensionHostProcess.js:123:21247)
	at set b [as b] (/home/maina/.vscode-server/bin/8b617bd08fd9e3fc94d14adb8d358b56e3f72314/extensions/github/dist/extension.js:2:714434)
	at /home/maina/.vscode-server/bin/8b617bd08fd9e3fc94d14adb8d358b56e3f72314/extensions/github/dist/extension.js:2:715075
	at n.value (/home/maina/.vscode-server/bin/8b617bd08fd9e3fc94d14adb8d358b56e3f72314/extensions/git/dist/main.js:2:1396602)
	at m.w (/home/maina/.vscode-server/bin/8b617bd08fd9e3fc94d14adb8d358b56e3f72314/out/vs/workbench/api/node/extensionHostProcess.js:63:1902)
	at m.x (/home/maina/.vscode-server/bin/8b617bd08fd9e3fc94d14adb8d358b56e3f72314/out/vs/workbench/api/node/extensionHostProcess.js:63:1972)
	at m.fire (/home/maina/.vscode-server/bin/8b617bd08fd9e3fc94d14adb8d358b56e3f72314/out/vs/workbench/api/node/extensionHostProcess.js:63:2188)
	at Object.m [as dispose] (/home/maina/.vscode-server/bin/8b617bd08fd9e3fc94d14adb8d358b56e3f72314/extensions/git/dist/main.js:2:1324784)
	at /home/maina/.vscode-server/bin/8b617bd08fd9e3fc94d14adb8d358b56e3f72314/extensions/git/dist/main.js:2:1329625
	at Array.forEach (<anonymous>)
	at g.dispose (/home/maina/.vscode-server/bin/8b617bd08fd9e3fc94d14adb8d358b56e3f72314/extensions/git/dist/main.js:2:1329611)
	at E.<anonymous> (/home/maina/.vscode-server/bin/8b617bd08fd9e3fc94d14adb8d358b56e3f72314/out/vs/workbench/api/node/extensionHostProcess.js:104:3484)
	at E.dispose (/home/maina/.vscode-server/bin/8b617bd08fd9e3fc94d14adb8d358b56e3f72314/out/vs/workbench/api/node/extensionHostProcess.js:104:3581)
	at E.<anonymous> (/home/maina/.vscode-server/bin/8b617bd08fd9e3fc94d14adb8d358b56e3f72314/extensions/git/dist/main.js:2:1311012)
	at E.dispose (/home/maina/.vscode-server/bin/8b617bd08fd9e3fc94d14adb8d358b56e3f72314/out/vs/workbench/api/node/extensionHostProcess.js:104:3581)
	at k (/home/maina/.vscode-server/bin/8b617bd08fd9e3fc94d14adb8d358b56e3f72314/out/vs/workbench/api/node/extensionHostProcess.js:13:11730)
	at n.Z (/home/maina/.vscode-server/bin/8b617bd08fd9e3fc94d14adb8d358b56e3f72314/out/vs/workbench/api/node/extensionHostProcess.js:119:9652)
	at /home/maina/.vscode-server/bin/8b617bd08fd9e3fc94d14adb8d358b56e3f72314/out/vs/workbench/api/node/extensionHostProcess.js:119:7585
	at Array.map (<anonymous>)
	at n.S (/home/maina/.vscode-server/bin/8b617bd08fd9e3fc94d14adb8d358b56e3f72314/out/vs/workbench/api/node/extensionHostProcess.js:119:7572)
	at n.terminate (/home/maina/.vscode-server/bin/8b617bd08fd9e3fc94d14adb8d358b56e3f72314/out/vs/workbench/api/node/extensionHostProcess.js:119:7844)
	at o.terminate (/home/maina/.vscode-server/bin/8b617bd08fd9e3fc94d14adb8d358b56e3f72314/out/vs/workbench/api/node/extensionHostProcess.js:123:1513)
	at D (/home/maina/.vscode-server/bin/8b617bd08fd9e3fc94d14adb8d358b56e3f72314/out/vs/workbench/api/node/extensionHostProcess.js:136:9800)
	at n.value (/home/maina/.vscode-server/bin/8b617bd08fd9e3fc94d14adb8d358b56e3f72314/out/vs/workbench/api/node/extensionHostProcess.js:136:7847)
	at m.w (/home/maina/.vscode-server/bin/8b617bd08fd9e3fc94d14adb8d358b56e3f72314/out/vs/workbench/api/node/extensionHostProcess.js:63:1902)
	at m.fire (/home/maina/.vscode-server/bin/8b617bd08fd9e3fc94d14adb8d358b56e3f72314/out/vs/workbench/api/node/extensionHostProcess.js:63:2119)
	at v.fire (/home/maina/.vscode-server/bin/8b617bd08fd9e3fc94d14adb8d358b56e3f72314/out/vs/workbench/api/node/extensionHostProcess.js:79:13940)
	at s.z (/home/maina/.vscode-server/bin/8b617bd08fd9e3fc94d14adb8d358b56e3f72314/out/vs/workbench/api/node/extensionHostProcess.js:79:17005)
	at n.value (/home/maina/.vscode-server/bin/8b617bd08fd9e3fc94d14adb8d358b56e3f72314/out/vs/workbench/api/node/extensionHostProcess.js:79:15457)
	at m.w (/home/maina/.vscode-server/bin/8b617bd08fd9e3fc94d14adb8d358b56e3f72314/out/vs/workbench/api/node/extensionHostProcess.js:63:1902)
	at m.fire (/home/maina/.vscode-server/bin/8b617bd08fd9e3fc94d14adb8d358b56e3f72314/out/vs/workbench/api/node/extensionHostProcess.js:63:2119)
	at n.acceptChunk (/home/maina/.vscode-server/bin/8b617bd08fd9e3fc94d14adb8d358b56e3f72314/out/vs/workbench/api/node/extensionHostProcess.js:79:11714)
	at n.value (/home/maina/.vscode-server/bin/8b617bd08fd9e3fc94d14adb8d358b56e3f72314/out/vs/workbench/api/node/extensionHostProcess.js:79:11001)
	at m.w (/home/maina/.vscode-server/bin/8b617bd08fd9e3fc94d14adb8d358b56e3f72314/out/vs/workbench/api/node/extensionHostProcess.js:63:1902)
	at m.fire (/home/maina/.vscode-server/bin/8b617bd08fd9e3fc94d14adb8d358b56e3f72314/out/vs/workbench/api/node/extensionHostProcess.js:63:2119)
	at m.u (/home/maina/.vscode-server/bin/8b617bd08fd9e3fc94d14adb8d358b56e3f72314/out/vs/workbench/api/node/extensionHostProcess.js:133:19093)
	at m.acceptFrame (/home/maina/.vscode-server/bin/8b617bd08fd9e3fc94d14adb8d358b56e3f72314/out/vs/workbench/api/node/extensionHostProcess.js:133:18899)
	at a.l (/home/maina/.vscode-server/bin/8b617bd08fd9e3fc94d14adb8d358b56e3f72314/out/vs/workbench/api/node/extensionHostProcess.js:133:17532)
	at /home/maina/.vscode-server/bin/8b617bd08fd9e3fc94d14adb8d358b56e3f72314/out/vs/workbench/api/node/extensionHostProcess.js:133:14879
	at Socket.p (/home/maina/.vscode-server/bin/8b617bd08fd9e3fc94d14adb8d358b56e3f72314/out/vs/workbench/api/node/extensionHostProcess.js:133:12793)
	at Socket.emit (node:events:513:28)
	at addChunk (node:internal/streams/readable:324:12)
	at readableAddChunk (node:internal/streams/readable:297:9)
	at Readable.push (node:internal/streams/readable:234:10)
	at TCP.onStreamRead (node:internal/stream_base_commons:190:23) setContext undefined
2023-09-12 11:16:15.400 [error] Error: Channel has been closed
	at i (/home/maina/.vscode-server/bin/8b617bd08fd9e3fc94d14adb8d358b56e3f72314/out/vs/workbench/api/node/extensionHostProcess.js:118:2880)
	at Object.trace (/home/maina/.vscode-server/bin/8b617bd08fd9e3fc94d14adb8d358b56e3f72314/out/vs/workbench/api/node/extensionHostProcess.js:118:3145)
	at t.$b.end (/home/maina/.vscode-server/bin/8b617bd08fd9e3fc94d14adb8d358b56e3f72314/extensions/git/dist/main.js:2:1334778)
	at R.Y (/home/maina/.vscode-server/bin/8b617bd08fd9e3fc94d14adb8d358b56e3f72314/extensions/git/dist/main.js:2:1373320)
	at async R.status (/home/maina/.vscode-server/bin/8b617bd08fd9e3fc94d14adb8d358b56e3f72314/extensions/git/dist/main.js:2:1358536)
2023-09-12 11:16:15.400 [error] Error: Channel has been closed
	at i (/home/maina/.vscode-server/bin/8b617bd08fd9e3fc94d14adb8d358b56e3f72314/out/vs/workbench/api/node/extensionHostProcess.js:118:2880)
	at Object.trace (/home/maina/.vscode-server/bin/8b617bd08fd9e3fc94d14adb8d358b56e3f72314/out/vs/workbench/api/node/extensionHostProcess.js:118:3145)
	at t.$b.end (/home/maina/.vscode-server/bin/8b617bd08fd9e3fc94d14adb8d358b56e3f72314/extensions/git/dist/main.js:2:1334778)
	at R.Y (/home/maina/.vscode-server/bin/8b617bd08fd9e3fc94d14adb8d358b56e3f72314/extensions/git/dist/main.js:2:1373320)
	at async R.status (/home/maina/.vscode-server/bin/8b617bd08fd9e3fc94d14adb8d358b56e3f72314/extensions/git/dist/main.js:2:1358536)
