2023-09-12 10:38:42.070 [info] Log level: Info
2023-09-12 10:38:42.070 [info] Validating found git in: "git"
2023-09-12 10:38:42.070 [info] Using git "2.42.0" from "git"
2023-09-12 10:38:42.070 [info] > git rev-parse --show-toplevel [245ms]
2023-09-12 10:38:42.070 [info] > git rev-parse --git-dir --git-common-dir [238ms]
2023-09-12 10:38:42.070 [info] Open repository: /home/maina
2023-09-12 10:38:42.073 [info] > git rev-parse --show-toplevel [14ms]
2023-09-12 10:38:42.075 [info] > git config --get commit.template [57ms]
2023-09-12 10:38:42.151 [info] No remotes found in the git config file.
2023-09-12 10:38:42.185 [info] > git for-each-ref --format=%(refname)%00%(upstream:short)%00%(objectname)%00%(upstream:track)%00%(upstream:remotename)%00%(upstream:remoteref) refs/heads/main refs/remotes/main [35ms]
2023-09-12 10:38:42.220 [info] > git rev-parse --show-toplevel [37ms]
2023-09-12 10:38:42.232 [info] > git rev-parse --show-toplevel [2ms]
2023-09-12 10:38:42.253 [info] > git rev-parse --show-toplevel [2ms]
2023-09-12 10:38:42.333 [info] > git rev-parse --git-dir --git-common-dir [3ms]
2023-09-12 10:38:42.351 [info] Open repository: /home/maina/.nvm
2023-09-12 10:38:42.424 [info] > git config --get commit.template [23ms]
2023-09-12 10:38:42.437 [info] > git rev-parse --show-toplevel [26ms]
2023-09-12 10:38:42.472 [info] > git rev-parse --show-toplevel [3ms]
2023-09-12 10:38:42.509 [info] > git for-each-ref --format %(refname) %(objectname) %(*objectname) refs/tags [62ms]
2023-09-12 10:38:42.549 [info] > git rev-parse --show-toplevel [42ms]
2023-09-12 10:38:42.574 [info] > git rev-parse --show-toplevel [12ms]
2023-09-12 10:38:42.606 [info] > git rev-parse --git-dir --git-common-dir [16ms]
2023-09-12 10:38:42.629 [info] Open repository: /home/maina/phase-0-html-lists-lab
2023-09-12 10:38:42.670 [info] > git config --get commit.template [30ms]
2023-09-12 10:38:42.671 [info] > git rev-parse --show-toplevel [4ms]
2023-09-12 10:38:42.765 [info] > git status -z -uall [225ms]
2023-09-12 10:38:42.823 [info] > git for-each-ref --format=%(refname)%00%(upstream:short)%00%(objectname)%00%(upstream:track)%00%(upstream:remotename)%00%(upstream:remoteref) refs/heads/master refs/remotes/master [76ms]
2023-09-12 10:38:42.853 [info] > git config --get commit.template [32ms]
2023-09-12 10:38:42.867 [info] > git status -z -uall [24ms]
2023-09-12 10:38:42.927 [info] > git for-each-ref --format %(refname) %(objectname) %(*objectname) refs/tags [62ms]
2023-09-12 10:38:42.960 [info] > git config --get commit.template [43ms]
2023-09-12 10:38:42.983 [info] > git for-each-ref --format=%(refname)%00%(upstream:short)%00%(objectname)%00%(upstream:track)%00%(upstream:remotename)%00%(upstream:remoteref) refs/heads/master refs/remotes/master [11ms]
2023-09-12 10:38:42.994 [info] > git status -z -uall [42ms]
2023-09-12 10:38:43.010 [info] > git status -z -uall [18ms]
2023-09-12 10:38:43.166 [info] > git ls-files --stage -- /home/maina/phase0 [14ms]
2023-09-12 10:38:43.183 [info] > git show --textconv :phase0 [40ms]
2023-09-12 10:38:43.347 [info] > git check-ignore -v -z --stdin [62ms]
2023-09-12 10:38:43.350 [info] > git check-ignore -v -z --stdin [39ms]
2023-09-12 10:38:43.352 [info] > git check-ignore -v -z --stdin [17ms]
2023-09-12 10:38:43.475 [info] > git status -z -uall [1261ms]
2023-09-12 10:38:44.983 [info] > git config --get commit.template [61ms]
2023-09-12 10:38:44.992 [info] No remotes found in the git config file.
2023-09-12 10:38:45.050 [info] > git for-each-ref --format=%(refname)%00%(upstream:short)%00%(objectname)%00%(upstream:track)%00%(upstream:remotename)%00%(upstream:remoteref) refs/heads/main refs/remotes/main [2ms]
2023-09-12 10:38:45.233 [info] > git status -z -uall [141ms]
2023-09-12 10:38:50.647 [info] > git config --get commit.template [17ms]
2023-09-12 10:38:50.669 [info] No remotes found in the git config file.
2023-09-12 10:38:50.670 [info] > git for-each-ref --format=%(refname)%00%(upstream:short)%00%(objectname)%00%(upstream:track)%00%(upstream:remotename)%00%(upstream:remoteref) refs/heads/main refs/remotes/main [2ms]
2023-09-12 10:38:50.731 [info] > git status -z -uall [50ms]
2023-09-12 10:39:19.804 [info] > git check-ignore -v -z --stdin [7ms]
2023-09-12 10:46:41.615 [info] No remotes found in the git config file.
2023-09-12 10:46:41.619 [info] > git config --get commit.template [19ms]
2023-09-12 10:46:41.620 [info] > git for-each-ref --format=%(refname)%00%(upstream:short)%00%(objectname)%00%(upstream:track)%00%(upstream:remotename)%00%(upstream:remoteref) refs/heads/main refs/remotes/main [6ms]
2023-09-12 10:46:41.771 [info] > git status -z -uall [129ms]
2023-09-12 10:46:43.558 [info] > git check-ignore -v -z --stdin [40ms]
2023-09-12 10:46:44.101 [info] > git show --textconv :my_list.txt [17ms]
2023-09-12 10:46:44.105 [info] > git ls-files --stage -- /home/maina/my_list.txt [6ms]
2023-09-12 10:46:47.260 [info] No remotes found in the git config file.
2023-09-12 10:46:47.262 [info] > git config --get commit.template [31ms]
2023-09-12 10:46:47.263 [info] > git for-each-ref --format=%(refname)%00%(upstream:short)%00%(objectname)%00%(upstream:track)%00%(upstream:remotename)%00%(upstream:remoteref) refs/heads/main refs/remotes/main [5ms]
2023-09-12 10:46:47.421 [info] > git status -z -uall [135ms]
2023-09-12 10:47:04.890 [info] No remotes found in the git config file.
2023-09-12 10:47:04.892 [info] > git config --get commit.template [16ms]
2023-09-12 10:47:04.899 [info] > git for-each-ref --format=%(refname)%00%(upstream:short)%00%(objectname)%00%(upstream:track)%00%(upstream:remotename)%00%(upstream:remoteref) refs/heads/main refs/remotes/main [10ms]
2023-09-12 10:47:04.957 [info] > git status -z -uall [46ms]
2023-09-12 10:47:10.180 [info] No remotes found in the git config file.
2023-09-12 10:47:10.200 [info] > git config --get commit.template [85ms]
2023-09-12 10:47:10.211 [info] > git for-each-ref --format=%(refname)%00%(upstream:short)%00%(objectname)%00%(upstream:track)%00%(upstream:remotename)%00%(upstream:remoteref) refs/heads/main refs/remotes/main [47ms]
2023-09-12 10:47:10.417 [info] > git status -z -uall [174ms]
2023-09-12 10:47:30.586 [info] No remotes found in the git config file.
2023-09-12 10:47:30.589 [info] > git config --get commit.template [24ms]
2023-09-12 10:47:30.590 [info] > git for-each-ref --format=%(refname)%00%(upstream:short)%00%(objectname)%00%(upstream:track)%00%(upstream:remotename)%00%(upstream:remoteref) refs/heads/main refs/remotes/main [5ms]
2023-09-12 10:47:30.683 [info] > git status -z -uall [77ms]
2023-09-12 10:47:35.976 [info] No remotes found in the git config file.
2023-09-12 10:47:35.982 [info] > git config --get commit.template [38ms]
2023-09-12 10:47:35.983 [info] > git for-each-ref --format=%(refname)%00%(upstream:short)%00%(objectname)%00%(upstream:track)%00%(upstream:remotename)%00%(upstream:remoteref) refs/heads/main refs/remotes/main [9ms]
2023-09-12 10:47:36.067 [info] > git status -z -uall [63ms]
2023-09-12 10:47:38.920 [info] > git show --textconv :my [43ms]
2023-09-12 10:47:38.927 [info] > git ls-files --stage -- /home/maina/my [14ms]
2023-09-12 10:47:38.965 [info] > git check-ignore -v -z --stdin [3ms]
2023-09-12 10:47:43.672 [info] No remotes found in the git config file.
2023-09-12 10:47:43.689 [info] > git for-each-ref --format=%(refname)%00%(upstream:short)%00%(objectname)%00%(upstream:track)%00%(upstream:remotename)%00%(upstream:remoteref) refs/heads/main refs/remotes/main [17ms]
2023-09-12 10:47:43.691 [info] > git config --get commit.template [54ms]
2023-09-12 10:47:43.775 [info] > git status -z -uall [55ms]
2023-09-12 10:47:48.989 [info] No remotes found in the git config file.
2023-09-12 10:47:48.997 [info] > git config --get commit.template [57ms]
2023-09-12 10:47:49.008 [info] > git for-each-ref --format=%(refname)%00%(upstream:short)%00%(objectname)%00%(upstream:track)%00%(upstream:remotename)%00%(upstream:remoteref) refs/heads/main refs/remotes/main [25ms]
2023-09-12 10:47:49.126 [info] > git status -z -uall [79ms]
2023-09-12 10:47:54.307 [info] No remotes found in the git config file.
2023-09-12 10:47:54.314 [info] > git config --get commit.template [36ms]
2023-09-12 10:47:54.330 [info] > git for-each-ref --format=%(refname)%00%(upstream:short)%00%(objectname)%00%(upstream:track)%00%(upstream:remotename)%00%(upstream:remoteref) refs/heads/main refs/remotes/main [25ms]
2023-09-12 10:47:54.441 [info] > git status -z -uall [83ms]
2023-09-12 10:47:59.614 [info] No remotes found in the git config file.
2023-09-12 10:47:59.619 [info] > git for-each-ref --format=%(refname)%00%(upstream:short)%00%(objectname)%00%(upstream:track)%00%(upstream:remotename)%00%(upstream:remoteref) refs/heads/main refs/remotes/main [6ms]
2023-09-12 10:47:59.622 [info] > git config --get commit.template [42ms]
2023-09-12 10:47:59.758 [info] > git status -z -uall [109ms]
2023-09-12 10:48:08.103 [info] No remotes found in the git config file.
2023-09-12 10:48:08.109 [info] > git config --get commit.template [39ms]
2023-09-12 10:48:08.110 [info] > git for-each-ref --format=%(refname)%00%(upstream:short)%00%(objectname)%00%(upstream:track)%00%(upstream:remotename)%00%(upstream:remoteref) refs/heads/main refs/remotes/main [9ms]
2023-09-12 10:48:08.208 [info] > git status -z -uall [73ms]
2023-09-12 10:48:13.490 [info] No remotes found in the git config file.
2023-09-12 10:48:13.492 [info] > git config --get commit.template [19ms]
2023-09-12 10:48:13.493 [info] > git for-each-ref --format=%(refname)%00%(upstream:short)%00%(objectname)%00%(upstream:track)%00%(upstream:remotename)%00%(upstream:remoteref) refs/heads/main refs/remotes/main [3ms]
2023-09-12 10:48:13.628 [info] > git status -z -uall [122ms]
2023-09-12 10:48:15.499 [info] > git check-ignore -v -z --stdin [71ms]
2023-09-12 10:48:16.091 [info] > git show --textconv :my_list.html [150ms]
2023-09-12 10:48:16.092 [info] > git ls-files --stage -- /home/maina/my_list.html [121ms]
2023-09-12 10:48:19.646 [info] No remotes found in the git config file.
2023-09-12 10:48:19.647 [info] > git config --get commit.template [31ms]
2023-09-12 10:48:19.648 [info] > git for-each-ref --format=%(refname)%00%(upstream:short)%00%(objectname)%00%(upstream:track)%00%(upstream:remotename)%00%(upstream:remoteref) refs/heads/main refs/remotes/main [3ms]
2023-09-12 10:48:19.806 [info] > git status -z -uall [114ms]
2023-09-12 10:48:25.130 [info] No remotes found in the git config file.
2023-09-12 10:48:25.131 [info] > git for-each-ref --format=%(refname)%00%(upstream:short)%00%(objectname)%00%(upstream:track)%00%(upstream:remotename)%00%(upstream:remoteref) refs/heads/main refs/remotes/main [2ms]
2023-09-12 10:48:25.132 [info] > git config --get commit.template [24ms]
2023-09-12 10:48:25.213 [info] > git status -z -uall [65ms]
2023-09-12 10:48:45.864 [info] > git config --get commit.template [3ms]
2023-09-12 10:48:45.884 [info] No remotes found in the git config file.
2023-09-12 10:48:45.889 [info] > git for-each-ref --format=%(refname)%00%(upstream:short)%00%(objectname)%00%(upstream:track)%00%(upstream:remotename)%00%(upstream:remoteref) refs/heads/main refs/remotes/main [5ms]
2023-09-12 10:48:46.082 [info] > git status -z -uall [181ms]
2023-09-12 10:48:51.313 [info] No remotes found in the git config file.
2023-09-12 10:48:51.318 [info] > git config --get commit.template [38ms]
2023-09-12 10:48:51.319 [info] > git for-each-ref --format=%(refname)%00%(upstream:short)%00%(objectname)%00%(upstream:track)%00%(upstream:remotename)%00%(upstream:remoteref) refs/heads/main refs/remotes/main [8ms]
2023-09-12 10:48:51.426 [info] > git status -z -uall [78ms]
2023-09-12 10:49:04.028 [info] No remotes found in the git config file.
2023-09-12 10:49:04.029 [info] > git config --get commit.template [26ms]
2023-09-12 10:49:04.038 [info] > git for-each-ref --format=%(refname)%00%(upstream:short)%00%(objectname)%00%(upstream:track)%00%(upstream:remotename)%00%(upstream:remoteref) refs/heads/main refs/remotes/main [12ms]
2023-09-12 10:49:04.179 [info] > git status -z -uall [120ms]
2023-09-12 10:49:09.406 [info] No remotes found in the git config file.
2023-09-12 10:49:09.410 [info] > git config --get commit.template [41ms]
2023-09-12 10:49:09.411 [info] > git for-each-ref --format=%(refname)%00%(upstream:short)%00%(objectname)%00%(upstream:track)%00%(upstream:remotename)%00%(upstream:remoteref) refs/heads/main refs/remotes/main [8ms]
2023-09-12 10:49:09.497 [info] > git status -z -uall [60ms]
2023-09-12 10:49:14.679 [info] > git config --get commit.template [3ms]
2023-09-12 10:49:14.698 [info] No remotes found in the git config file.
2023-09-12 10:49:14.703 [info] > git for-each-ref --format=%(refname)%00%(upstream:short)%00%(objectname)%00%(upstream:track)%00%(upstream:remotename)%00%(upstream:remoteref) refs/heads/main refs/remotes/main [6ms]
2023-09-12 10:49:14.803 [info] > git status -z -uall [80ms]
2023-09-12 10:49:49.568 [info] > git config --get commit.template [4ms]
2023-09-12 10:49:49.586 [info] No remotes found in the git config file.
2023-09-12 10:49:49.587 [info] > git for-each-ref --format=%(refname)%00%(upstream:short)%00%(objectname)%00%(upstream:track)%00%(upstream:remotename)%00%(upstream:remoteref) refs/heads/main refs/remotes/main [4ms]
2023-09-12 10:49:49.662 [info] > git status -z -uall [64ms]
2023-09-12 10:49:55.554 [info] No remotes found in the git config file.
2023-09-12 10:49:55.557 [info] > git config --get commit.template [22ms]
2023-09-12 10:49:55.558 [info] > git for-each-ref --format=%(refname)%00%(upstream:short)%00%(objectname)%00%(upstream:track)%00%(upstream:remotename)%00%(upstream:remoteref) refs/heads/main refs/remotes/main [5ms]
2023-09-12 10:49:55.627 [info] > git status -z -uall [55ms]
2023-09-12 10:50:00.763 [info] > git config --get commit.template [3ms]
2023-09-12 10:50:00.782 [info] No remotes found in the git config file.
2023-09-12 10:50:00.784 [info] > git for-each-ref --format=%(refname)%00%(upstream:short)%00%(objectname)%00%(upstream:track)%00%(upstream:remotename)%00%(upstream:remoteref) refs/heads/main refs/remotes/main [2ms]
2023-09-12 10:50:00.880 [info] > git status -z -uall [79ms]
2023-09-12 10:50:06.182 [info] No remotes found in the git config file.
2023-09-12 10:50:06.187 [info] > git config --get commit.template [53ms]
2023-09-12 10:50:06.189 [info] > git for-each-ref --format=%(refname)%00%(upstream:short)%00%(objectname)%00%(upstream:track)%00%(upstream:remotename)%00%(upstream:remoteref) refs/heads/main refs/remotes/main [11ms]
2023-09-12 10:50:06.262 [info] > git status -z -uall [51ms]
2023-09-12 10:50:11.465 [info] No remotes found in the git config file.
2023-09-12 10:50:11.467 [info] > git config --get commit.template [22ms]
2023-09-12 10:50:11.470 [info] > git for-each-ref --format=%(refname)%00%(upstream:short)%00%(objectname)%00%(upstream:track)%00%(upstream:remotename)%00%(upstream:remoteref) refs/heads/main refs/remotes/main [6ms]
2023-09-12 10:50:11.567 [info] > git status -z -uall [81ms]
2023-09-12 10:50:35.028 [info] No remotes found in the git config file.
2023-09-12 10:50:35.032 [info] > git for-each-ref --format=%(refname)%00%(upstream:short)%00%(objectname)%00%(upstream:track)%00%(upstream:remotename)%00%(upstream:remoteref) refs/heads/main refs/remotes/main [4ms]
2023-09-12 10:50:35.033 [info] > git config --get commit.template [39ms]
2023-09-12 10:50:35.115 [info] > git status -z -uall [63ms]
2023-09-12 10:50:40.342 [info] No remotes found in the git config file.
2023-09-12 10:50:40.349 [info] > git config --get commit.template [38ms]
2023-09-12 10:50:40.359 [info] > git for-each-ref --format=%(refname)%00%(upstream:short)%00%(objectname)%00%(upstream:track)%00%(upstream:remotename)%00%(upstream:remoteref) refs/heads/main refs/remotes/main [18ms]
2023-09-12 10:50:40.500 [info] > git status -z -uall [96ms]
2023-09-12 10:50:45.698 [info] > git config --get commit.template [15ms]
2023-09-12 10:50:45.744 [info] No remotes found in the git config file.
2023-09-12 10:50:45.754 [info] > git for-each-ref --format=%(refname)%00%(upstream:short)%00%(objectname)%00%(upstream:track)%00%(upstream:remotename)%00%(upstream:remoteref) refs/heads/main refs/remotes/main [11ms]
2023-09-12 10:50:45.819 [info] > git status -z -uall [53ms]
2023-09-12 10:51:34.348 [info] > git config --get commit.template [3ms]
2023-09-12 10:51:34.363 [info] No remotes found in the git config file.
2023-09-12 10:51:34.364 [info] > git for-each-ref --format=%(refname)%00%(upstream:short)%00%(objectname)%00%(upstream:track)%00%(upstream:remotename)%00%(upstream:remoteref) refs/heads/main refs/remotes/main [2ms]
2023-09-12 10:51:34.450 [info] > git status -z -uall [72ms]
2023-09-12 10:51:39.700 [info] No remotes found in the git config file.
2023-09-12 10:51:39.713 [info] > git config --get commit.template [49ms]
2023-09-12 10:51:39.717 [info] > git for-each-ref --format=%(refname)%00%(upstream:short)%00%(objectname)%00%(upstream:track)%00%(upstream:remotename)%00%(upstream:remoteref) refs/heads/main refs/remotes/main [21ms]
2023-09-12 10:51:39.861 [info] > git status -z -uall [98ms]
2023-09-12 10:52:05.965 [info] No remotes found in the git config file.
2023-09-12 10:52:05.967 [info] > git config --get commit.template [33ms]
2023-09-12 10:52:05.968 [info] > git for-each-ref --format=%(refname)%00%(upstream:short)%00%(objectname)%00%(upstream:track)%00%(upstream:remotename)%00%(upstream:remoteref) refs/heads/main refs/remotes/main [4ms]
2023-09-12 10:52:06.052 [info] > git status -z -uall [65ms]
2023-09-12 10:52:11.344 [info] No remotes found in the git config file.
2023-09-12 10:52:11.348 [info] > git config --get commit.template [46ms]
2023-09-12 10:52:11.350 [info] > git for-each-ref --format=%(refname)%00%(upstream:short)%00%(objectname)%00%(upstream:track)%00%(upstream:remotename)%00%(upstream:remoteref) refs/heads/main refs/remotes/main [8ms]
2023-09-12 10:52:11.473 [info] > git status -z -uall [87ms]
2023-09-12 10:52:48.151 [info] > git config --get commit.template [3ms]
2023-09-12 10:52:48.171 [info] No remotes found in the git config file.
2023-09-12 10:52:48.175 [info] > git for-each-ref --format=%(refname)%00%(upstream:short)%00%(objectname)%00%(upstream:track)%00%(upstream:remotename)%00%(upstream:remoteref) refs/heads/main refs/remotes/main [4ms]
2023-09-12 10:52:48.258 [info] > git status -z -uall [71ms]
2023-09-12 10:52:53.439 [info] No remotes found in the git config file.
2023-09-12 10:52:53.443 [info] > git config --get commit.template [21ms]
2023-09-12 10:52:53.443 [info] > git for-each-ref --format=%(refname)%00%(upstream:short)%00%(objectname)%00%(upstream:track)%00%(upstream:remotename)%00%(upstream:remoteref) refs/heads/main refs/remotes/main [6ms]
2023-09-12 10:52:53.526 [info] > git status -z -uall [65ms]
2023-09-12 10:52:58.796 [info] No remotes found in the git config file.
2023-09-12 10:52:58.800 [info] > git config --get commit.template [41ms]
2023-09-12 10:52:58.802 [info] > git for-each-ref --format=%(refname)%00%(upstream:short)%00%(objectname)%00%(upstream:track)%00%(upstream:remotename)%00%(upstream:remoteref) refs/heads/main refs/remotes/main [9ms]
2023-09-12 10:52:58.925 [info] > git status -z -uall [83ms]
2023-09-12 10:53:04.061 [info] > git config --get commit.template [2ms]
2023-09-12 10:53:04.079 [info] No remotes found in the git config file.
2023-09-12 10:53:04.081 [info] > git for-each-ref --format=%(refname)%00%(upstream:short)%00%(objectname)%00%(upstream:track)%00%(upstream:remotename)%00%(upstream:remoteref) refs/heads/main refs/remotes/main [3ms]
2023-09-12 10:53:04.170 [info] > git status -z -uall [63ms]
2023-09-12 10:53:09.340 [info] > git config --get commit.template [2ms]
2023-09-12 10:53:09.370 [info] No remotes found in the git config file.
2023-09-12 10:53:09.371 [info] > git for-each-ref --format=%(refname)%00%(upstream:short)%00%(objectname)%00%(upstream:track)%00%(upstream:remotename)%00%(upstream:remoteref) refs/heads/main refs/remotes/main [3ms]
2023-09-12 10:53:09.594 [info] > git status -z -uall [183ms]
2023-09-12 10:53:14.892 [info] No remotes found in the git config file.
2023-09-12 10:53:14.895 [info] > git config --get commit.template [55ms]
2023-09-12 10:53:14.898 [info] > git for-each-ref --format=%(refname)%00%(upstream:short)%00%(objectname)%00%(upstream:track)%00%(upstream:remotename)%00%(upstream:remoteref) refs/heads/main refs/remotes/main [8ms]
2023-09-12 10:53:15.036 [info] > git status -z -uall [120ms]
2023-09-12 10:53:16.508 [info] > git ls-files --stage -- /home/maina/my_list.html [4ms]
2023-09-12 10:53:16.535 [info] > git ls-files --stage -- /home/maina/my_list.txt [132ms]
2023-09-12 10:53:16.546 [info] > git ls-files --stage -- /home/maina/phase0 [183ms]
2023-09-12 10:53:16.559 [info] > git cat-file -s 4453c65ab52d8ae1ecf7ea18bdbe63121a7eceef [14ms]
2023-09-12 10:53:16.561 [info] > git cat-file -s 4adb61d4f8baeebefaca2a45f48f8da78fa882c4 [28ms]
2023-09-12 10:53:16.562 [info] > git cat-file -s e69de29bb2d1d6434b8b29ae775ad8c2e48c5391 [6ms]
2023-09-12 10:53:16.620 [info] > git show --textconv :my_list.txt [27ms]
2023-09-12 10:53:16.620 [info] > git show --textconv :my_list.html [14ms]
2023-09-12 10:53:16.624 [info] > git show --textconv :phase0 [6ms]
2023-09-12 10:53:20.218 [info] > git config --get commit.template [6ms]
2023-09-12 10:53:20.251 [info] No remotes found in the git config file.
2023-09-12 10:53:20.255 [info] > git for-each-ref --format=%(refname)%00%(upstream:short)%00%(objectname)%00%(upstream:track)%00%(upstream:remotename)%00%(upstream:remoteref) refs/heads/main refs/remotes/main [5ms]
2023-09-12 10:53:20.381 [info] > git status -z -uall [94ms]
2023-09-12 10:53:25.545 [info] > git config --get commit.template [10ms]
2023-09-12 10:53:25.565 [info] No remotes found in the git config file.
2023-09-12 10:53:25.568 [info] > git for-each-ref --format=%(refname)%00%(upstream:short)%00%(objectname)%00%(upstream:track)%00%(upstream:remotename)%00%(upstream:remoteref) refs/heads/main refs/remotes/main [4ms]
2023-09-12 10:53:25.746 [info] > git status -z -uall [153ms]
2023-09-12 10:53:31.178 [info] No remotes found in the git config file.
2023-09-12 10:53:31.181 [info] > git config --get commit.template [68ms]
2023-09-12 10:53:31.190 [info] > git for-each-ref --format=%(refname)%00%(upstream:short)%00%(objectname)%00%(upstream:track)%00%(upstream:remotename)%00%(upstream:remoteref) refs/heads/main refs/remotes/main [15ms]
2023-09-12 10:53:31.291 [info] > git status -z -uall [82ms]
2023-09-12 10:53:36.469 [info] > git config --get commit.template [8ms]
2023-09-12 10:53:36.507 [info] No remotes found in the git config file.
2023-09-12 10:53:36.514 [info] > git for-each-ref --format=%(refname)%00%(upstream:short)%00%(objectname)%00%(upstream:track)%00%(upstream:remotename)%00%(upstream:remoteref) refs/heads/main refs/remotes/main [9ms]
2023-09-12 10:53:36.678 [info] > git status -z -uall [123ms]
2023-09-12 10:54:08.970 [info] > git config --get commit.template [3ms]
2023-09-12 10:54:08.990 [info] No remotes found in the git config file.
2023-09-12 10:54:08.991 [info] > git for-each-ref --format=%(refname)%00%(upstream:short)%00%(objectname)%00%(upstream:track)%00%(upstream:remotename)%00%(upstream:remoteref) refs/heads/main refs/remotes/main [2ms]
2023-09-12 10:54:09.080 [info] > git status -z -uall [76ms]
2023-09-12 10:54:14.309 [info] No remotes found in the git config file.
2023-09-12 10:54:14.312 [info] > git config --get commit.template [25ms]
2023-09-12 10:54:14.313 [info] > git for-each-ref --format=%(refname)%00%(upstream:short)%00%(objectname)%00%(upstream:track)%00%(upstream:remotename)%00%(upstream:remoteref) refs/heads/main refs/remotes/main [6ms]
2023-09-12 10:54:14.430 [info] > git status -z -uall [98ms]
2023-09-12 10:54:20.625 [info] > git config --get commit.template [3ms]
2023-09-12 10:54:20.644 [info] No remotes found in the git config file.
2023-09-12 10:54:20.646 [info] > git for-each-ref --format=%(refname)%00%(upstream:short)%00%(objectname)%00%(upstream:track)%00%(upstream:remotename)%00%(upstream:remoteref) refs/heads/main refs/remotes/main [2ms]
2023-09-12 10:54:20.747 [info] > git status -z -uall [86ms]
2023-09-12 10:54:25.928 [info] No remotes found in the git config file.
2023-09-12 10:54:25.930 [info] > git for-each-ref --format=%(refname)%00%(upstream:short)%00%(objectname)%00%(upstream:track)%00%(upstream:remotename)%00%(upstream:remoteref) refs/heads/main refs/remotes/main [3ms]
2023-09-12 10:54:25.931 [info] > git config --get commit.template [31ms]
2023-09-12 10:54:26.018 [info] > git status -z -uall [72ms]
2023-09-12 10:54:31.208 [info] > git config --get commit.template [10ms]
2023-09-12 10:54:31.234 [info] No remotes found in the git config file.
2023-09-12 10:54:31.236 [info] > git for-each-ref --format=%(refname)%00%(upstream:short)%00%(objectname)%00%(upstream:track)%00%(upstream:remotename)%00%(upstream:remoteref) refs/heads/main refs/remotes/main [3ms]
2023-09-12 10:54:31.398 [info] > git status -z -uall [141ms]
2023-09-12 10:54:36.665 [info] No remotes found in the git config file.
2023-09-12 10:54:36.670 [info] > git config --get commit.template [63ms]
2023-09-12 10:54:36.676 [info] > git for-each-ref --format=%(refname)%00%(upstream:short)%00%(objectname)%00%(upstream:track)%00%(upstream:remotename)%00%(upstream:remoteref) refs/heads/main refs/remotes/main [13ms]
2023-09-12 10:54:36.802 [info] > git status -z -uall [83ms]
2023-09-12 10:54:42.023 [info] > git config --get commit.template [46ms]
2023-09-12 10:54:42.026 [info] No remotes found in the git config file.
2023-09-12 10:54:42.029 [info] > git for-each-ref --format=%(refname)%00%(upstream:short)%00%(objectname)%00%(upstream:track)%00%(upstream:remotename)%00%(upstream:remoteref) refs/heads/main refs/remotes/main [10ms]
2023-09-12 10:54:42.167 [info] > git status -z -uall [101ms]
2023-09-12 10:54:47.347 [info] No remotes found in the git config file.
2023-09-12 10:54:47.352 [info] > git config --get commit.template [38ms]
2023-09-12 10:54:47.354 [info] > git for-each-ref --format=%(refname)%00%(upstream:short)%00%(objectname)%00%(upstream:track)%00%(upstream:remotename)%00%(upstream:remoteref) refs/heads/main refs/remotes/main [9ms]
2023-09-12 10:54:47.474 [info] > git status -z -uall [85ms]
2023-09-12 10:54:52.646 [info] No remotes found in the git config file.
2023-09-12 10:54:52.652 [info] > git config --get commit.template [42ms]
2023-09-12 10:54:52.654 [info] > git for-each-ref --format=%(refname)%00%(upstream:short)%00%(objectname)%00%(upstream:track)%00%(upstream:remotename)%00%(upstream:remoteref) refs/heads/main refs/remotes/main [11ms]
2023-09-12 10:54:52.794 [info] > git status -z -uall [98ms]
2023-09-12 10:54:59.070 [info] No remotes found in the git config file.
2023-09-12 10:54:59.082 [info] > git config --get commit.template [34ms]
2023-09-12 10:54:59.083 [info] > git for-each-ref --format=%(refname)%00%(upstream:short)%00%(objectname)%00%(upstream:track)%00%(upstream:remotename)%00%(upstream:remoteref) refs/heads/main refs/remotes/main [15ms]
2023-09-12 10:54:59.197 [info] > git status -z -uall [85ms]
2023-09-12 10:55:04.413 [info] No remotes found in the git config file.
2023-09-12 10:55:04.416 [info] > git config --get commit.template [37ms]
2023-09-12 10:55:04.417 [info] > git for-each-ref --format=%(refname)%00%(upstream:short)%00%(objectname)%00%(upstream:track)%00%(upstream:remotename)%00%(upstream:remoteref) refs/heads/main refs/remotes/main [6ms]
2023-09-12 10:55:04.508 [info] > git status -z -uall [74ms]
2023-09-12 10:55:09.707 [info] > git config --get commit.template [49ms]
2023-09-12 10:55:09.708 [info] No remotes found in the git config file.
2023-09-12 10:55:09.710 [info] > git for-each-ref --format=%(refname)%00%(upstream:short)%00%(objectname)%00%(upstream:track)%00%(upstream:remotename)%00%(upstream:remoteref) refs/heads/main refs/remotes/main [9ms]
2023-09-12 10:55:09.799 [info] > git status -z -uall [67ms]
2023-09-12 10:55:11.155 [info] > git config --get commit.template [42ms]
2023-09-12 10:55:11.157 [info] > git config --get commit.template [14ms]
2023-09-12 10:55:11.305 [info] > git for-each-ref --format %(refname) %(objectname) %(*objectname) refs/tags [59ms]
2023-09-12 10:55:11.355 [info] > git for-each-ref --format=%(refname)%00%(upstream:short)%00%(objectname)%00%(upstream:track)%00%(upstream:remotename)%00%(upstream:remoteref) refs/heads/master refs/remotes/master [76ms]
2023-09-12 10:55:11.396 [info] > git status -z -uall [47ms]
2023-09-12 10:55:11.440 [info] > git status -z -uall [46ms]
2023-09-12 10:55:11.567 [info] > git ls-files --stage -- /home/maina/my_list.txt [40ms]
2023-09-12 10:55:11.610 [info] > git ls-files --stage -- /home/maina/phase0 [113ms]
2023-09-12 10:55:11.641 [info] > git cat-file -s 4453c65ab52d8ae1ecf7ea18bdbe63121a7eceef [32ms]
2023-09-12 10:55:11.643 [info] > git ls-files --stage -- /home/maina/my_list.html [81ms]
2023-09-12 10:55:11.661 [info] > git cat-file -s e69de29bb2d1d6434b8b29ae775ad8c2e48c5391 [23ms]
2023-09-12 10:55:11.700 [info] > git show --textconv :my_list.txt [21ms]
2023-09-12 10:55:11.701 [info] > git cat-file -s 4adb61d4f8baeebefaca2a45f48f8da78fa882c4 [42ms]
2023-09-12 10:55:11.726 [info] > git show --textconv :phase0 [28ms]
2023-09-12 10:55:11.734 [info] > git show --textconv :my_list.html [11ms]
2023-09-12 10:55:15.253 [info] No remotes found in the git config file.
2023-09-12 10:55:15.255 [info] > git config --get commit.template [24ms]
2023-09-12 10:55:15.256 [info] > git for-each-ref --format=%(refname)%00%(upstream:short)%00%(objectname)%00%(upstream:track)%00%(upstream:remotename)%00%(upstream:remoteref) refs/heads/main refs/remotes/main [3ms]
2023-09-12 10:55:15.377 [info] > git status -z -uall [105ms]
2023-09-12 10:55:20.597 [info] No remotes found in the git config file.
2023-09-12 10:55:20.599 [info] > git config --get commit.template [19ms]
2023-09-12 10:55:20.600 [info] > git for-each-ref --format=%(refname)%00%(upstream:short)%00%(objectname)%00%(upstream:track)%00%(upstream:remotename)%00%(upstream:remoteref) refs/heads/main refs/remotes/main [4ms]
2023-09-12 10:55:20.669 [info] > git status -z -uall [56ms]
2023-09-12 10:55:25.838 [info] No remotes found in the git config file.
2023-09-12 10:55:25.840 [info] > git config --get commit.template [37ms]
2023-09-12 10:55:25.841 [info] > git for-each-ref --format=%(refname)%00%(upstream:short)%00%(objectname)%00%(upstream:track)%00%(upstream:remotename)%00%(upstream:remoteref) refs/heads/main refs/remotes/main [4ms]
2023-09-12 10:55:25.956 [info] > git status -z -uall [95ms]
2023-09-12 10:55:28.435 [info] > git ls-files --stage -- /home/maina/my_list.txt [29ms]
2023-09-12 10:55:28.458 [info] > git ls-files --stage -- /home/maina/phase0 [94ms]
2023-09-12 10:55:28.482 [info] > git cat-file -s 4453c65ab52d8ae1ecf7ea18bdbe63121a7eceef [24ms]
2023-09-12 10:55:28.483 [info] > git ls-files --stage -- /home/maina/my_list.html [53ms]
2023-09-12 10:55:28.505 [info] > git cat-file -s e69de29bb2d1d6434b8b29ae775ad8c2e48c5391 [25ms]
2023-09-12 10:55:28.509 [info] > git cat-file -s 4adb61d4f8baeebefaca2a45f48f8da78fa882c4 [7ms]
2023-09-12 10:55:28.573 [info] > git show --textconv :my_list.txt [37ms]
2023-09-12 10:55:28.573 [info] > git show --textconv :phase0 [21ms]
2023-09-12 10:55:28.601 [info] > git show --textconv :my_list.html [28ms]
2023-09-12 10:55:31.178 [info] No remotes found in the git config file.
2023-09-12 10:55:31.180 [info] > git config --get commit.template [33ms]
2023-09-12 10:55:31.183 [info] > git for-each-ref --format=%(refname)%00%(upstream:short)%00%(objectname)%00%(upstream:track)%00%(upstream:remotename)%00%(upstream:remoteref) refs/heads/main refs/remotes/main [6ms]
2023-09-12 10:55:31.318 [info] > git status -z -uall [118ms]
2023-09-12 10:55:36.621 [info] > git config --get commit.template [27ms]
2023-09-12 10:55:36.622 [info] No remotes found in the git config file.
2023-09-12 10:55:36.623 [info] > git for-each-ref --format=%(refname)%00%(upstream:short)%00%(objectname)%00%(upstream:track)%00%(upstream:remotename)%00%(upstream:remoteref) refs/heads/main refs/remotes/main [3ms]
2023-09-12 10:55:36.718 [info] > git status -z -uall [81ms]
2023-09-12 10:55:43.068 [info] No remotes found in the git config file.
2023-09-12 10:55:43.071 [info] > git config --get commit.template [46ms]
2023-09-12 10:55:43.072 [info] > git for-each-ref --format=%(refname)%00%(upstream:short)%00%(objectname)%00%(upstream:track)%00%(upstream:remotename)%00%(upstream:remoteref) refs/heads/main refs/remotes/main [8ms]
2023-09-12 10:55:43.208 [info] > git status -z -uall [98ms]
2023-09-12 10:55:48.449 [info] No remotes found in the git config file.
2023-09-12 10:55:48.453 [info] > git config --get commit.template [42ms]
2023-09-12 10:55:48.454 [info] > git for-each-ref --format=%(refname)%00%(upstream:short)%00%(objectname)%00%(upstream:track)%00%(upstream:remotename)%00%(upstream:remoteref) refs/heads/main refs/remotes/main [7ms]
2023-09-12 10:55:48.649 [info] > git status -z -uall [160ms]
2023-09-12 10:55:53.967 [info] No remotes found in the git config file.
2023-09-12 10:55:53.970 [info] > git config --get commit.template [33ms]
2023-09-12 10:55:53.971 [info] > git for-each-ref --format=%(refname)%00%(upstream:short)%00%(objectname)%00%(upstream:track)%00%(upstream:remotename)%00%(upstream:remoteref) refs/heads/main refs/remotes/main [5ms]
2023-09-12 10:55:54.078 [info] > git status -z -uall [88ms]
2023-09-12 10:56:02.674 [info] No remotes found in the git config file.
2023-09-12 10:56:02.676 [info] > git for-each-ref --format=%(refname)%00%(upstream:short)%00%(objectname)%00%(upstream:track)%00%(upstream:remotename)%00%(upstream:remoteref) refs/heads/main refs/remotes/main [3ms]
2023-09-12 10:56:02.676 [info] > git config --get commit.template [24ms]
2023-09-12 10:56:02.749 [info] > git status -z -uall [57ms]
2023-09-12 10:56:08.004 [info] No remotes found in the git config file.
2023-09-12 10:56:08.010 [info] > git config --get commit.template [63ms]
2023-09-12 10:56:08.021 [info] > git for-each-ref --format=%(refname)%00%(upstream:short)%00%(objectname)%00%(upstream:track)%00%(upstream:remotename)%00%(upstream:remoteref) refs/heads/main refs/remotes/main [19ms]
2023-09-12 10:56:08.120 [info] > git status -z -uall [84ms]
2023-09-12 10:56:13.354 [info] No remotes found in the git config file.
2023-09-12 10:56:13.357 [info] > git config --get commit.template [34ms]
2023-09-12 10:56:13.357 [info] > git for-each-ref --format=%(refname)%00%(upstream:short)%00%(objectname)%00%(upstream:track)%00%(upstream:remotename)%00%(upstream:remoteref) refs/heads/main refs/remotes/main [4ms]
2023-09-12 10:56:13.469 [info] > git status -z -uall [93ms]
2023-09-12 10:56:18.668 [info] No remotes found in the git config file.
2023-09-12 10:56:18.672 [info] > git config --get commit.template [45ms]
2023-09-12 10:56:18.674 [info] > git for-each-ref --format=%(refname)%00%(upstream:short)%00%(objectname)%00%(upstream:track)%00%(upstream:remotename)%00%(upstream:remoteref) refs/heads/main refs/remotes/main [9ms]
2023-09-12 10:56:18.878 [info] > git status -z -uall [174ms]
2023-09-12 10:56:24.125 [info] No remotes found in the git config file.
2023-09-12 10:56:24.130 [info] > git config --get commit.template [45ms]
2023-09-12 10:56:24.144 [info] > git for-each-ref --format=%(refname)%00%(upstream:short)%00%(objectname)%00%(upstream:track)%00%(upstream:remotename)%00%(upstream:remoteref) refs/heads/main refs/remotes/main [22ms]
2023-09-12 10:56:24.337 [info] > git status -z -uall [162ms]
2023-09-12 10:56:29.559 [info] > git config --get commit.template [9ms]
2023-09-12 10:56:29.598 [info] No remotes found in the git config file.
2023-09-12 10:56:29.601 [info] > git for-each-ref --format=%(refname)%00%(upstream:short)%00%(objectname)%00%(upstream:track)%00%(upstream:remotename)%00%(upstream:remoteref) refs/heads/main refs/remotes/main [3ms]
2023-09-12 10:56:29.705 [info] > git status -z -uall [87ms]
2023-09-12 10:56:34.890 [info] No remotes found in the git config file.
2023-09-12 10:56:34.894 [info] > git config --get commit.template [34ms]
2023-09-12 10:56:34.897 [info] > git for-each-ref --format=%(refname)%00%(upstream:short)%00%(objectname)%00%(upstream:track)%00%(upstream:remotename)%00%(upstream:remoteref) refs/heads/main refs/remotes/main [8ms]
2023-09-12 10:56:35.012 [info] > git status -z -uall [93ms]
2023-09-12 10:56:40.180 [info] No remotes found in the git config file.
2023-09-12 10:56:40.182 [info] > git config --get commit.template [24ms]
2023-09-12 10:56:40.183 [info] > git for-each-ref --format=%(refname)%00%(upstream:short)%00%(objectname)%00%(upstream:track)%00%(upstream:remotename)%00%(upstream:remoteref) refs/heads/main refs/remotes/main [3ms]
2023-09-12 10:56:40.250 [info] > git status -z -uall [54ms]
2023-09-12 10:56:45.447 [info] No remotes found in the git config file.
2023-09-12 10:56:45.460 [info] > git config --get commit.template [66ms]
2023-09-12 10:56:45.463 [info] > git for-each-ref --format=%(refname)%00%(upstream:short)%00%(objectname)%00%(upstream:track)%00%(upstream:remotename)%00%(upstream:remoteref) refs/heads/main refs/remotes/main [19ms]
2023-09-12 10:56:45.562 [info] > git status -z -uall [80ms]
2023-09-12 10:56:50.796 [info] > git config --get commit.template [20ms]
2023-09-12 10:56:50.842 [info] No remotes found in the git config file.
2023-09-12 10:56:50.847 [info] > git for-each-ref --format=%(refname)%00%(upstream:short)%00%(objectname)%00%(upstream:track)%00%(upstream:remotename)%00%(upstream:remoteref) refs/heads/main refs/remotes/main [6ms]
2023-09-12 10:56:50.984 [info] > git status -z -uall [109ms]
2023-09-12 10:56:56.261 [info] No remotes found in the git config file.
2023-09-12 10:56:56.266 [info] > git config --get commit.template [42ms]
2023-09-12 10:56:56.281 [info] > git for-each-ref --format=%(refname)%00%(upstream:short)%00%(objectname)%00%(upstream:track)%00%(upstream:remotename)%00%(upstream:remoteref) refs/heads/main refs/remotes/main [23ms]
2023-09-12 10:56:56.449 [info] > git status -z -uall [140ms]
2023-09-12 10:57:01.652 [info] No remotes found in the git config file.
2023-09-12 10:57:01.656 [info] > git config --get commit.template [39ms]
2023-09-12 10:57:01.660 [info] > git for-each-ref --format=%(refname)%00%(upstream:short)%00%(objectname)%00%(upstream:track)%00%(upstream:remotename)%00%(upstream:remoteref) refs/heads/main refs/remotes/main [10ms]
2023-09-12 10:57:01.881 [info] > git status -z -uall [191ms]
2023-09-12 10:57:07.141 [info] No remotes found in the git config file.
2023-09-12 10:57:07.146 [info] > git config --get commit.template [45ms]
2023-09-12 10:57:07.159 [info] > git for-each-ref --format=%(refname)%00%(upstream:short)%00%(objectname)%00%(upstream:track)%00%(upstream:remotename)%00%(upstream:remoteref) refs/heads/main refs/remotes/main [21ms]
2023-09-12 10:57:07.316 [info] > git status -z -uall [115ms]
2023-09-12 10:57:12.555 [info] No remotes found in the git config file.
2023-09-12 10:57:12.557 [info] > git config --get commit.template [47ms]
2023-09-12 10:57:12.558 [info] > git for-each-ref --format=%(refname)%00%(upstream:short)%00%(objectname)%00%(upstream:track)%00%(upstream:remotename)%00%(upstream:remoteref) refs/heads/main refs/remotes/main [5ms]
2023-09-12 10:57:12.668 [info] > git status -z -uall [87ms]
2023-09-12 10:57:17.838 [info] No remotes found in the git config file.
2023-09-12 10:57:17.840 [info] > git config --get commit.template [27ms]
2023-09-12 10:57:17.840 [info] > git for-each-ref --format=%(refname)%00%(upstream:short)%00%(objectname)%00%(upstream:track)%00%(upstream:remotename)%00%(upstream:remoteref) refs/heads/main refs/remotes/main [4ms]
2023-09-12 10:57:17.906 [info] > git status -z -uall [53ms]
2023-09-12 10:57:23.088 [info] No remotes found in the git config file.
2023-09-12 10:57:23.090 [info] > git config --get commit.template [35ms]
2023-09-12 10:57:23.106 [info] > git for-each-ref --format=%(refname)%00%(upstream:short)%00%(objectname)%00%(upstream:track)%00%(upstream:remotename)%00%(upstream:remoteref) refs/heads/main refs/remotes/main [20ms]
2023-09-12 10:57:23.227 [info] > git status -z -uall [101ms]
2023-09-12 10:57:28.422 [info] No remotes found in the git config file.
2023-09-12 10:57:28.428 [info] > git config --get commit.template [47ms]
2023-09-12 10:57:28.429 [info] > git for-each-ref --format=%(refname)%00%(upstream:short)%00%(objectname)%00%(upstream:track)%00%(upstream:remotename)%00%(upstream:remoteref) refs/heads/main refs/remotes/main [9ms]
2023-09-12 10:57:28.589 [info] > git status -z -uall [127ms]
2023-09-12 10:57:33.792 [info] No remotes found in the git config file.
2023-09-12 10:57:33.794 [info] > git config --get commit.template [45ms]
2023-09-12 10:57:33.795 [info] > git for-each-ref --format=%(refname)%00%(upstream:short)%00%(objectname)%00%(upstream:track)%00%(upstream:remotename)%00%(upstream:remoteref) refs/heads/main refs/remotes/main [4ms]
2023-09-12 10:57:33.919 [info] > git status -z -uall [106ms]
2023-09-12 10:57:39.080 [info] > git config --get commit.template [15ms]
2023-09-12 10:57:39.082 [info] No remotes found in the git config file.
2023-09-12 10:57:39.083 [info] > git for-each-ref --format=%(refname)%00%(upstream:short)%00%(objectname)%00%(upstream:track)%00%(upstream:remotename)%00%(upstream:remoteref) refs/heads/main refs/remotes/main [3ms]
2023-09-12 10:57:39.147 [info] > git status -z -uall [52ms]
2023-09-12 10:57:44.348 [info] No remotes found in the git config file.
2023-09-12 10:57:44.350 [info] > git config --get commit.template [47ms]
2023-09-12 10:57:44.351 [info] > git for-each-ref --format=%(refname)%00%(upstream:short)%00%(objectname)%00%(upstream:track)%00%(upstream:remotename)%00%(upstream:remoteref) refs/heads/main refs/remotes/main [7ms]
2023-09-12 10:57:44.424 [info] > git status -z -uall [57ms]
2023-09-12 10:57:47.013 [info] > git show --textconv :index [31ms]
2023-09-12 10:57:47.021 [info] > git ls-files --stage -- /home/maina/index [12ms]
2023-09-12 10:57:47.039 [info] > git cat-file -s e69de29bb2d1d6434b8b29ae775ad8c2e48c5391 [2ms]
2023-09-12 10:57:49.643 [info] > git config --get commit.template [52ms]
2023-09-12 10:57:49.647 [info] No remotes found in the git config file.
2023-09-12 10:57:49.667 [info] > git for-each-ref --format=%(refname)%00%(upstream:short)%00%(objectname)%00%(upstream:track)%00%(upstream:remotename)%00%(upstream:remoteref) refs/heads/main refs/remotes/main [25ms]
2023-09-12 10:57:49.803 [info] > git status -z -uall [63ms]
2023-09-12 10:57:54.994 [info] No remotes found in the git config file.
2023-09-12 10:57:54.996 [info] > git config --get commit.template [28ms]
2023-09-12 10:57:54.997 [info] > git for-each-ref --format=%(refname)%00%(upstream:short)%00%(objectname)%00%(upstream:track)%00%(upstream:remotename)%00%(upstream:remoteref) refs/heads/main refs/remotes/main [5ms]
2023-09-12 10:57:55.082 [info] > git status -z -uall [68ms]
2023-09-12 10:58:15.068 [info] No remotes found in the git config file.
2023-09-12 10:58:15.072 [info] > git config --get commit.template [28ms]
2023-09-12 10:58:15.074 [info] > git for-each-ref --format=%(refname)%00%(upstream:short)%00%(objectname)%00%(upstream:track)%00%(upstream:remotename)%00%(upstream:remoteref) refs/heads/main refs/remotes/main [7ms]
2023-09-12 10:58:15.185 [info] > git status -z -uall [87ms]
2023-09-12 10:59:13.152 [info] No remotes found in the git config file.
2023-09-12 10:59:13.154 [info] > git config --get commit.template [27ms]
2023-09-12 10:59:13.155 [info] > git for-each-ref --format=%(refname)%00%(upstream:short)%00%(objectname)%00%(upstream:track)%00%(upstream:remotename)%00%(upstream:remoteref) refs/heads/main refs/remotes/main [4ms]
2023-09-12 10:59:13.351 [info] > git status -z -uall [174ms]
2023-09-12 11:04:52.065 [info] No remotes found in the git config file.
2023-09-12 11:04:52.067 [info] > git for-each-ref --format=%(refname)%00%(upstream:short)%00%(objectname)%00%(upstream:track)%00%(upstream:remotename)%00%(upstream:remoteref) refs/heads/main refs/remotes/main [2ms]
2023-09-12 11:04:52.067 [info] > git config --get commit.template [19ms]
2023-09-12 11:04:52.272 [info] > git status -z -uall [158ms]
2023-09-12 11:04:57.566 [info] No remotes found in the git config file.
2023-09-12 11:04:57.577 [info] > git config --get commit.template [80ms]
2023-09-12 11:04:57.580 [info] > git for-each-ref --format=%(refname)%00%(upstream:short)%00%(objectname)%00%(upstream:track)%00%(upstream:remotename)%00%(upstream:remoteref) refs/heads/main refs/remotes/main [16ms]
2023-09-12 11:04:57.696 [info] > git status -z -uall [67ms]
2023-09-12 11:04:59.336 [info] > git show --textconv :phase0 [30ms]
2023-09-12 11:04:59.359 [info] > git ls-files --stage -- /home/maina/phase0 [25ms]
2023-09-12 11:04:59.400 [info] > git cat-file -s e69de29bb2d1d6434b8b29ae775ad8c2e48c5391 [2ms]
2023-09-12 11:05:33.393 [info] > git config --get commit.template [16ms]
2023-09-12 11:05:33.394 [info] No remotes found in the git config file.
2023-09-12 11:05:33.395 [info] > git for-each-ref --format=%(refname)%00%(upstream:short)%00%(objectname)%00%(upstream:track)%00%(upstream:remotename)%00%(upstream:remoteref) refs/heads/main refs/remotes/main [3ms]
2023-09-12 11:05:33.481 [info] > git status -z -uall [73ms]
2023-09-12 11:05:38.714 [info] No remotes found in the git config file.
2023-09-12 11:05:38.718 [info] > git config --get commit.template [41ms]
2023-09-12 11:05:38.719 [info] > git for-each-ref --format=%(refname)%00%(upstream:short)%00%(objectname)%00%(upstream:track)%00%(upstream:remotename)%00%(upstream:remoteref) refs/heads/main refs/remotes/main [7ms]
2023-09-12 11:05:38.880 [info] > git status -z -uall [131ms]
2023-09-12 11:05:43.627 [info] > git show --textconv :document.html [28ms]
2023-09-12 11:05:43.634 [info] > git ls-files --stage -- /home/maina/document.html [11ms]
2023-09-12 11:05:43.827 [info] > git check-ignore -v -z --stdin [20ms]
2023-09-12 11:05:44.092 [info] No remotes found in the git config file.
2023-09-12 11:05:44.093 [info] > git config --get commit.template [21ms]
2023-09-12 11:05:44.094 [info] > git for-each-ref --format=%(refname)%00%(upstream:short)%00%(objectname)%00%(upstream:track)%00%(upstream:remotename)%00%(upstream:remoteref) refs/heads/main refs/remotes/main [3ms]
2023-09-12 11:05:44.207 [info] > git status -z -uall [93ms]
2023-09-12 11:05:49.424 [info] No remotes found in the git config file.
2023-09-12 11:05:49.427 [info] > git config --get commit.template [37ms]
2023-09-12 11:05:49.428 [info] > git for-each-ref --format=%(refname)%00%(upstream:short)%00%(objectname)%00%(upstream:track)%00%(upstream:remotename)%00%(upstream:remoteref) refs/heads/main refs/remotes/main [7ms]
2023-09-12 11:05:49.551 [info] > git status -z -uall [98ms]
2023-09-12 11:05:54.767 [info] No remotes found in the git config file.
2023-09-12 11:05:54.772 [info] > git for-each-ref --format=%(refname)%00%(upstream:short)%00%(objectname)%00%(upstream:track)%00%(upstream:remotename)%00%(upstream:remoteref) refs/heads/main refs/remotes/main [6ms]
2023-09-12 11:05:54.773 [info] > git config --get commit.template [45ms]
2023-09-12 11:05:54.896 [info] > git status -z -uall [67ms]
2023-09-12 11:06:05.080 [info] No remotes found in the git config file.
2023-09-12 11:06:05.082 [info] > git config --get commit.template [35ms]
2023-09-12 11:06:05.083 [info] > git for-each-ref --format=%(refname)%00%(upstream:short)%00%(objectname)%00%(upstream:track)%00%(upstream:remotename)%00%(upstream:remoteref) refs/heads/main refs/remotes/main [5ms]
2023-09-12 11:06:05.285 [info] > git status -z -uall [151ms]
2023-09-12 11:06:10.500 [info] No remotes found in the git config file.
2023-09-12 11:06:10.502 [info] > git config --get commit.template [29ms]
2023-09-12 11:06:10.504 [info] > git for-each-ref --format=%(refname)%00%(upstream:short)%00%(objectname)%00%(upstream:track)%00%(upstream:remotename)%00%(upstream:remoteref) refs/heads/main refs/remotes/main [6ms]
2023-09-12 11:06:10.588 [info] > git status -z -uall [69ms]
2023-09-12 11:06:21.605 [info] No remotes found in the git config file.
2023-09-12 11:06:21.618 [info] > git config --get commit.template [41ms]
2023-09-12 11:06:21.619 [info] > git for-each-ref --format=%(refname)%00%(upstream:short)%00%(objectname)%00%(upstream:track)%00%(upstream:remotename)%00%(upstream:remoteref) refs/heads/main refs/remotes/main [17ms]
2023-09-12 11:06:21.853 [info] > git status -z -uall [196ms]
2023-09-12 11:06:35.432 [info] No remotes found in the git config file.
2023-09-12 11:06:35.433 [info] > git config --get commit.template [54ms]
2023-09-12 11:06:35.435 [info] > git for-each-ref --format=%(refname)%00%(upstream:short)%00%(objectname)%00%(upstream:track)%00%(upstream:remotename)%00%(upstream:remoteref) refs/heads/main refs/remotes/main [4ms]
2023-09-12 11:06:35.529 [info] > git status -z -uall [73ms]
2023-09-12 11:06:40.726 [info] > git config --get commit.template [11ms]
2023-09-12 11:06:40.763 [info] No remotes found in the git config file.
2023-09-12 11:06:40.767 [info] > git for-each-ref --format=%(refname)%00%(upstream:short)%00%(objectname)%00%(upstream:track)%00%(upstream:remotename)%00%(upstream:remoteref) refs/heads/main refs/remotes/main [6ms]
2023-09-12 11:06:40.948 [info] > git status -z -uall [145ms]
2023-09-12 11:06:46.207 [info] No remotes found in the git config file.
2023-09-12 11:06:46.211 [info] > git config --get commit.template [74ms]
2023-09-12 11:06:46.220 [info] > git for-each-ref --format=%(refname)%00%(upstream:short)%00%(objectname)%00%(upstream:track)%00%(upstream:remotename)%00%(upstream:remoteref) refs/heads/main refs/remotes/main [13ms]
2023-09-12 11:06:46.345 [info] > git status -z -uall [98ms]
2023-09-12 11:07:20.379 [info] > git config --get commit.template [4ms]
2023-09-12 11:07:20.394 [info] No remotes found in the git config file.
2023-09-12 11:07:20.396 [info] > git for-each-ref --format=%(refname)%00%(upstream:short)%00%(objectname)%00%(upstream:track)%00%(upstream:remotename)%00%(upstream:remoteref) refs/heads/main refs/remotes/main [7ms]
2023-09-12 11:07:20.495 [info] > git status -z -uall [88ms]
2023-09-12 11:07:25.708 [info] No remotes found in the git config file.
2023-09-12 11:07:25.709 [info] > git config --get commit.template [19ms]
2023-09-12 11:07:25.709 [info] > git for-each-ref --format=%(refname)%00%(upstream:short)%00%(objectname)%00%(upstream:track)%00%(upstream:remotename)%00%(upstream:remoteref) refs/heads/main refs/remotes/main [2ms]
2023-09-12 11:07:25.821 [info] > git status -z -uall [98ms]
2023-09-12 11:08:11.038 [info] No remotes found in the git config file.
2023-09-12 11:08:11.043 [info] > git config --get commit.template [28ms]
2023-09-12 11:08:11.051 [info] > git for-each-ref --format=%(refname)%00%(upstream:short)%00%(objectname)%00%(upstream:track)%00%(upstream:remotename)%00%(upstream:remoteref) refs/heads/main refs/remotes/main [14ms]
2023-09-12 11:08:11.168 [info] > git status -z -uall [93ms]
2023-09-12 11:08:16.359 [info] > git config --get commit.template [7ms]
2023-09-12 11:08:16.373 [info] No remotes found in the git config file.
2023-09-12 11:08:16.376 [info] > git for-each-ref --format=%(refname)%00%(upstream:short)%00%(objectname)%00%(upstream:track)%00%(upstream:remotename)%00%(upstream:remoteref) refs/heads/main refs/remotes/main [3ms]
2023-09-12 11:08:16.472 [info] > git status -z -uall [83ms]
2023-09-12 11:08:21.704 [info] No remotes found in the git config file.
2023-09-12 11:08:21.708 [info] > git for-each-ref --format=%(refname)%00%(upstream:short)%00%(objectname)%00%(upstream:track)%00%(upstream:remotename)%00%(upstream:remoteref) refs/heads/main refs/remotes/main [6ms]
2023-09-12 11:08:21.709 [info] > git config --get commit.template [57ms]
2023-09-12 11:08:21.867 [info] > git status -z -uall [120ms]
2023-09-12 11:08:27.047 [info] > git config --get commit.template [7ms]
2023-09-12 11:08:27.064 [info] No remotes found in the git config file.
2023-09-12 11:08:27.066 [info] > git for-each-ref --format=%(refname)%00%(upstream:short)%00%(objectname)%00%(upstream:track)%00%(upstream:remotename)%00%(upstream:remoteref) refs/heads/main refs/remotes/main [2ms]
2023-09-12 11:08:27.159 [info] > git status -z -uall [79ms]
2023-09-12 11:08:32.402 [info] No remotes found in the git config file.
2023-09-12 11:08:32.404 [info] > git config --get commit.template [45ms]
2023-09-12 11:08:32.405 [info] > git for-each-ref --format=%(refname)%00%(upstream:short)%00%(objectname)%00%(upstream:track)%00%(upstream:remotename)%00%(upstream:remoteref) refs/heads/main refs/remotes/main [5ms]
2023-09-12 11:08:32.546 [info] > git status -z -uall [120ms]
2023-09-12 11:08:45.575 [info] > git config --get commit.template [3ms]
2023-09-12 11:08:45.589 [info] No remotes found in the git config file.
2023-09-12 11:08:45.591 [info] > git for-each-ref --format=%(refname)%00%(upstream:short)%00%(objectname)%00%(upstream:track)%00%(upstream:remotename)%00%(upstream:remoteref) refs/heads/main refs/remotes/main [3ms]
2023-09-12 11:08:45.691 [info] > git status -z -uall [86ms]
2023-09-12 11:08:50.939 [info] No remotes found in the git config file.
2023-09-12 11:08:50.942 [info] > git config --get commit.template [74ms]
2023-09-12 11:08:50.943 [info] > git for-each-ref --format=%(refname)%00%(upstream:short)%00%(objectname)%00%(upstream:track)%00%(upstream:remotename)%00%(upstream:remoteref) refs/heads/main refs/remotes/main [6ms]
2023-09-12 11:08:51.017 [info] > git status -z -uall [56ms]
2023-09-12 11:08:56.209 [info] > git config --get commit.template [14ms]
2023-09-12 11:08:56.250 [info] No remotes found in the git config file.
2023-09-12 11:08:56.254 [info] > git for-each-ref --format=%(refname)%00%(upstream:short)%00%(objectname)%00%(upstream:track)%00%(upstream:remotename)%00%(upstream:remoteref) refs/heads/main refs/remotes/main [5ms]
2023-09-12 11:08:56.419 [info] > git status -z -uall [128ms]
2023-09-12 11:09:01.644 [info] No remotes found in the git config file.
2023-09-12 11:09:01.648 [info] > git config --get commit.template [50ms]
2023-09-12 11:09:01.650 [info] > git for-each-ref --format=%(refname)%00%(upstream:short)%00%(objectname)%00%(upstream:track)%00%(upstream:remotename)%00%(upstream:remoteref) refs/heads/main refs/remotes/main [8ms]
2023-09-12 11:09:01.753 [info] > git status -z -uall [72ms]
2023-09-12 11:09:06.924 [info] > git config --get commit.template [7ms]
2023-09-12 11:09:06.963 [info] No remotes found in the git config file.
2023-09-12 11:09:06.971 [info] > git for-each-ref --format=%(refname)%00%(upstream:short)%00%(objectname)%00%(upstream:track)%00%(upstream:remotename)%00%(upstream:remoteref) refs/heads/main refs/remotes/main [9ms]
2023-09-12 11:09:07.131 [info] > git status -z -uall [127ms]
2023-09-12 11:09:14.484 [info] > git config --get commit.template [14ms]
2023-09-12 11:09:14.511 [info] No remotes found in the git config file.
2023-09-12 11:09:14.518 [info] > git for-each-ref --format=%(refname)%00%(upstream:short)%00%(objectname)%00%(upstream:track)%00%(upstream:remotename)%00%(upstream:remoteref) refs/heads/main refs/remotes/main [9ms]
2023-09-12 11:09:14.604 [info] > git status -z -uall [69ms]
2023-09-12 11:09:20.105 [info] > git config --get commit.template [3ms]
2023-09-12 11:09:20.151 [info] No remotes found in the git config file.
2023-09-12 11:09:20.156 [info] > git for-each-ref --format=%(refname)%00%(upstream:short)%00%(objectname)%00%(upstream:track)%00%(upstream:remotename)%00%(upstream:remoteref) refs/heads/main refs/remotes/main [5ms]
2023-09-12 11:09:20.263 [info] > git status -z -uall [95ms]
2023-09-12 11:09:29.387 [info] > git config --get commit.template [8ms]
2023-09-12 11:09:29.427 [info] No remotes found in the git config file.
2023-09-12 11:09:29.429 [info] > git for-each-ref --format=%(refname)%00%(upstream:short)%00%(objectname)%00%(upstream:track)%00%(upstream:remotename)%00%(upstream:remoteref) refs/heads/main refs/remotes/main [2ms]
2023-09-12 11:09:29.619 [info] > git status -z -uall [158ms]
2023-09-12 11:09:34.923 [info] No remotes found in the git config file.
2023-09-12 11:09:34.925 [info] > git config --get commit.template [24ms]
2023-09-12 11:09:34.926 [info] > git for-each-ref --format=%(refname)%00%(upstream:short)%00%(objectname)%00%(upstream:track)%00%(upstream:remotename)%00%(upstream:remoteref) refs/heads/main refs/remotes/main [4ms]
2023-09-12 11:09:35.012 [info] > git status -z -uall [67ms]
2023-09-12 11:09:37.646 [info] > git check-ignore -v -z --stdin [7ms]
2023-09-12 11:09:38.727 [info] > git show --textconv :.vscode/launch.json [50ms]
2023-09-12 11:09:38.733 [info] > git ls-files --stage -- /home/maina/.vscode/launch.json [35ms]
2023-09-12 11:09:40.196 [info] No remotes found in the git config file.
2023-09-12 11:09:40.199 [info] > git config --get commit.template [33ms]
2023-09-12 11:09:40.204 [info] > git for-each-ref --format=%(refname)%00%(upstream:short)%00%(objectname)%00%(upstream:track)%00%(upstream:remotename)%00%(upstream:remoteref) refs/heads/main refs/remotes/main [8ms]
2023-09-12 11:09:40.313 [info] > git status -z -uall [90ms]
2023-09-12 11:09:45.552 [info] No remotes found in the git config file.
2023-09-12 11:09:45.555 [info] > git config --get commit.template [45ms]
2023-09-12 11:09:45.556 [info] > git for-each-ref --format=%(refname)%00%(upstream:short)%00%(objectname)%00%(upstream:track)%00%(upstream:remotename)%00%(upstream:remoteref) refs/heads/main refs/remotes/main [5ms]
2023-09-12 11:09:45.651 [info] > git status -z -uall [71ms]
2023-09-12 11:09:50.832 [info] > git config --get commit.template [4ms]
2023-09-12 11:09:50.853 [info] No remotes found in the git config file.
2023-09-12 11:09:50.855 [info] > git for-each-ref --format=%(refname)%00%(upstream:short)%00%(objectname)%00%(upstream:track)%00%(upstream:remotename)%00%(upstream:remoteref) refs/heads/main refs/remotes/main [3ms]
2023-09-12 11:09:50.949 [info] > git status -z -uall [76ms]
2023-09-12 11:10:06.254 [info] > git config --get commit.template [2ms]
2023-09-12 11:10:06.268 [info] No remotes found in the git config file.
2023-09-12 11:10:06.270 [info] > git for-each-ref --format=%(refname)%00%(upstream:short)%00%(objectname)%00%(upstream:track)%00%(upstream:remotename)%00%(upstream:remoteref) refs/heads/main refs/remotes/main [1ms]
2023-09-12 11:10:06.352 [info] > git status -z -uall [69ms]
2023-09-12 11:10:11.548 [info] No remotes found in the git config file.
2023-09-12 11:10:11.551 [info] > git config --get commit.template [30ms]
2023-09-12 11:10:11.553 [info] > git for-each-ref --format=%(refname)%00%(upstream:short)%00%(objectname)%00%(upstream:track)%00%(upstream:remotename)%00%(upstream:remoteref) refs/heads/main refs/remotes/main [6ms]
2023-09-12 11:10:11.656 [info] > git status -z -uall [87ms]
2023-09-12 11:10:16.874 [info] No remotes found in the git config file.
2023-09-12 11:10:16.879 [info] > git for-each-ref --format=%(refname)%00%(upstream:short)%00%(objectname)%00%(upstream:track)%00%(upstream:remotename)%00%(upstream:remoteref) refs/heads/main refs/remotes/main [6ms]
2023-09-12 11:10:16.880 [info] > git config --get commit.template [50ms]
2023-09-12 11:10:17.069 [info] > git status -z -uall [154ms]
2023-09-12 11:10:22.241 [info] No remotes found in the git config file.
2023-09-12 11:10:22.244 [info] > git config --get commit.template [30ms]
2023-09-12 11:10:22.245 [info] > git for-each-ref --format=%(refname)%00%(upstream:short)%00%(objectname)%00%(upstream:track)%00%(upstream:remotename)%00%(upstream:remoteref) refs/heads/main refs/remotes/main [5ms]
2023-09-12 11:10:22.406 [info] > git status -z -uall [134ms]
2023-09-12 11:10:27.757 [info] No remotes found in the git config file.
2023-09-12 11:10:27.762 [info] > git config --get commit.template [58ms]
2023-09-12 11:10:27.771 [info] > git for-each-ref --format=%(refname)%00%(upstream:short)%00%(objectname)%00%(upstream:track)%00%(upstream:remotename)%00%(upstream:remoteref) refs/heads/main refs/remotes/main [15ms]
2023-09-12 11:10:27.872 [info] > git status -z -uall [64ms]
2023-09-12 11:10:34.179 [info] No remotes found in the git config file.
2023-09-12 11:10:34.180 [info] > git config --get commit.template [27ms]
2023-09-12 11:10:34.181 [info] > git for-each-ref --format=%(refname)%00%(upstream:short)%00%(objectname)%00%(upstream:track)%00%(upstream:remotename)%00%(upstream:remoteref) refs/heads/main refs/remotes/main [4ms]
2023-09-12 11:10:34.264 [info] > git status -z -uall [62ms]
2023-09-12 11:10:39.457 [info] No remotes found in the git config file.
2023-09-12 11:10:39.461 [info] > git config --get commit.template [45ms]
2023-09-12 11:10:39.463 [info] > git for-each-ref --format=%(refname)%00%(upstream:short)%00%(objectname)%00%(upstream:track)%00%(upstream:remotename)%00%(upstream:remoteref) refs/heads/main refs/remotes/main [7ms]
2023-09-12 11:10:39.596 [info] > git status -z -uall [115ms]
2023-09-12 11:10:45.963 [info] > git config --get commit.template [6ms]
2023-09-12 11:10:46.005 [info] No remotes found in the git config file.
2023-09-12 11:10:46.008 [info] > git for-each-ref --format=%(refname)%00%(upstream:short)%00%(objectname)%00%(upstream:track)%00%(upstream:remotename)%00%(upstream:remoteref) refs/heads/main refs/remotes/main [4ms]
2023-09-12 11:10:46.201 [info] > git status -z -uall [169ms]
2023-09-12 11:10:51.458 [info] No remotes found in the git config file.
2023-09-12 11:10:51.463 [info] > git config --get commit.template [43ms]
2023-09-12 11:10:51.466 [info] > git for-each-ref --format=%(refname)%00%(upstream:short)%00%(objectname)%00%(upstream:track)%00%(upstream:remotename)%00%(upstream:remoteref) refs/heads/main refs/remotes/main [10ms]
2023-09-12 11:10:51.647 [info] > git status -z -uall [134ms]
2023-09-12 11:10:56.875 [info] No remotes found in the git config file.
2023-09-12 11:10:56.878 [info] > git config --get commit.template [42ms]
2023-09-12 11:10:56.882 [info] > git for-each-ref --format=%(refname)%00%(upstream:short)%00%(objectname)%00%(upstream:track)%00%(upstream:remotename)%00%(upstream:remoteref) refs/heads/main refs/remotes/main [8ms]
2023-09-12 11:10:57.052 [info] > git status -z -uall [129ms]
2023-09-12 11:11:04.486 [info] No remotes found in the git config file.
2023-09-12 11:11:04.488 [info] > git config --get commit.template [38ms]
2023-09-12 11:11:04.490 [info] > git for-each-ref --format=%(refname)%00%(upstream:short)%00%(objectname)%00%(upstream:track)%00%(upstream:remotename)%00%(upstream:remoteref) refs/heads/main refs/remotes/main [6ms]
2023-09-12 11:11:04.566 [info] > git status -z -uall [63ms]
2023-09-12 11:11:09.860 [info] > git config --get commit.template [8ms]
2023-09-12 11:11:09.895 [info] No remotes found in the git config file.
2023-09-12 11:11:09.899 [info] > git for-each-ref --format=%(refname)%00%(upstream:short)%00%(objectname)%00%(upstream:track)%00%(upstream:remotename)%00%(upstream:remoteref) refs/heads/main refs/remotes/main [6ms]
2023-09-12 11:11:10.044 [info] > git status -z -uall [104ms]
2023-09-12 11:11:17.441 [info] No remotes found in the git config file.
2023-09-12 11:11:17.444 [info] > git config --get commit.template [45ms]
2023-09-12 11:11:17.447 [info] > git for-each-ref --format=%(refname)%00%(upstream:short)%00%(objectname)%00%(upstream:track)%00%(upstream:remotename)%00%(upstream:remoteref) refs/heads/main refs/remotes/main [7ms]
2023-09-12 11:11:17.625 [info] > git status -z -uall [142ms]
2023-09-12 11:11:47.638 [info] > git config --get commit.template [2ms]
2023-09-12 11:11:47.653 [info] No remotes found in the git config file.
2023-09-12 11:11:47.654 [info] > git for-each-ref --format=%(refname)%00%(upstream:short)%00%(objectname)%00%(upstream:track)%00%(upstream:remotename)%00%(upstream:remoteref) refs/heads/main refs/remotes/main [2ms]
2023-09-12 11:11:47.793 [info] > git status -z -uall [124ms]
2023-09-12 11:12:09.163 [info] > git config --get commit.template [2ms]
2023-09-12 11:12:09.182 [info] No remotes found in the git config file.
2023-09-12 11:12:09.184 [info] > git for-each-ref --format=%(refname)%00%(upstream:short)%00%(objectname)%00%(upstream:track)%00%(upstream:remotename)%00%(upstream:remoteref) refs/heads/main refs/remotes/main [3ms]
2023-09-12 11:12:09.285 [info] > git status -z -uall [80ms]
2023-09-12 11:12:14.480 [info] No remotes found in the git config file.
2023-09-12 11:12:14.482 [info] > git config --get commit.template [21ms]
2023-09-12 11:12:14.482 [info] > git for-each-ref --format=%(refname)%00%(upstream:short)%00%(objectname)%00%(upstream:track)%00%(upstream:remotename)%00%(upstream:remoteref) refs/heads/main refs/remotes/main [3ms]
2023-09-12 11:12:14.568 [info] > git status -z -uall [70ms]
2023-09-12 11:12:58.951 [info] > git config --get commit.template [6ms]
2023-09-12 11:12:58.969 [info] No remotes found in the git config file.
2023-09-12 11:12:58.972 [info] > git for-each-ref --format=%(refname)%00%(upstream:short)%00%(objectname)%00%(upstream:track)%00%(upstream:remotename)%00%(upstream:remoteref) refs/heads/main refs/remotes/main [4ms]
2023-09-12 11:12:59.073 [info] > git status -z -uall [88ms]
2023-09-12 11:13:04.339 [info] No remotes found in the git config file.
2023-09-12 11:13:04.340 [info] > git config --get commit.template [23ms]
2023-09-12 11:13:04.341 [info] > git for-each-ref --format=%(refname)%00%(upstream:short)%00%(objectname)%00%(upstream:track)%00%(upstream:remotename)%00%(upstream:remoteref) refs/heads/main refs/remotes/main [3ms]
2023-09-12 11:13:04.435 [info] > git status -z -uall [76ms]
2023-09-12 11:13:09.750 [info] No remotes found in the git config file.
2023-09-12 11:13:09.752 [info] > git config --get commit.template [49ms]
2023-09-12 11:13:09.753 [info] > git for-each-ref --format=%(refname)%00%(upstream:short)%00%(objectname)%00%(upstream:track)%00%(upstream:remotename)%00%(upstream:remoteref) refs/heads/main refs/remotes/main [5ms]
2023-09-12 11:13:09.858 [info] > git status -z -uall [90ms]
2023-09-12 11:16:01.722 [info] > git config --get commit.template [4ms]
2023-09-12 11:16:01.763 [info] No remotes found in the git config file.
2023-09-12 11:16:01.764 [info] > git for-each-ref --format=%(refname)%00%(upstream:short)%00%(objectname)%00%(upstream:track)%00%(upstream:remotename)%00%(upstream:remoteref) refs/heads/main refs/remotes/main [2ms]
2023-09-12 11:16:01.987 [info] > git status -z -uall [199ms]
2023-09-12 11:16:07.224 [info] No remotes found in the git config file.
2023-09-12 11:16:07.226 [info] > git config --get commit.template [28ms]
2023-09-12 11:16:07.227 [info] > git for-each-ref --format=%(refname)%00%(upstream:short)%00%(objectname)%00%(upstream:track)%00%(upstream:remotename)%00%(upstream:remoteref) refs/heads/main refs/remotes/main [4ms]
2023-09-12 11:16:07.316 [info] > git status -z -uall [74ms]
2023-09-12 11:16:13.849 [info] > git config --get commit.template [3ms]
2023-09-12 11:16:13.870 [info] No remotes found in the git config file.
2023-09-12 11:16:13.872 [info] > git for-each-ref --format=%(refname)%00%(upstream:short)%00%(objectname)%00%(upstream:track)%00%(upstream:remotename)%00%(upstream:remoteref) refs/heads/main refs/remotes/main [3ms]
