2023-09-06 10:13:13.848 [info] Log level: Info
2023-09-06 10:13:13.848 [info] Validating found git in: "git"
2023-09-06 10:13:13.848 [info] Using git "2.42.0" from "git"
2023-09-06 10:13:13.848 [info] > git rev-parse --show-toplevel [31ms]
2023-09-06 10:13:13.848 [info] fatal: not a git repository (or any of the parent directories): .git
2023-09-06 10:13:13.848 [info] > git rev-parse --show-toplevel [6ms]
2023-09-06 10:13:13.848 [info] fatal: not a git repository (or any of the parent directories): .git
2023-09-06 10:13:13.870 [info] > git rev-parse --show-toplevel [1ms]
2023-09-06 10:13:13.870 [info] fatal: not a git repository (or any of the parent directories): .git
2023-09-06 10:13:13.884 [info] > git rev-parse --show-toplevel [6ms]
2023-09-06 10:13:13.899 [info] > git rev-parse --git-dir --git-common-dir [2ms]
2023-09-06 10:13:13.932 [info] Open repository: /home/maina/.nvm
2023-09-06 10:13:13.996 [info] > git config --get commit.template [36ms]
2023-09-06 10:13:14.014 [info] > git rev-parse --show-toplevel [31ms]
2023-09-06 10:13:14.014 [info] fatal: not a git repository (or any of the parent directories): .git
2023-09-06 10:13:14.100 [info] > git for-each-ref --format %(refname) %(objectname) %(*objectname) refs/tags [87ms]
2023-09-06 10:13:14.118 [info] > git rev-parse --show-toplevel [19ms]
2023-09-06 10:13:14.118 [info] fatal: not a git repository (or any of the parent directories): .git
2023-09-06 10:13:14.136 [info] > git rev-parse --show-toplevel [8ms]
2023-09-06 10:13:14.136 [info] fatal: not a git repository (or any of the parent directories): .git
2023-09-06 10:13:14.148 [info] > git rev-parse --show-toplevel [2ms]
2023-09-06 10:13:14.148 [info] fatal: not a git repository (or any of the parent directories): .git
2023-09-06 10:13:14.190 [info] > git status -z -uall [78ms]
2023-09-06 10:13:14.228 [info] > git config --get commit.template [9ms]
2023-09-06 10:13:14.238 [info] > git for-each-ref --format %(refname) %(objectname) %(*objectname) refs/tags [1ms]
2023-09-06 10:13:14.255 [info] > git status -z -uall [11ms]
2023-09-06 10:13:14.520 [info] > git check-ignore -v -z --stdin [8ms]
2023-09-06 10:16:19.737 [info] > git rev-parse --show-toplevel [46ms]
2023-09-06 10:16:19.737 [info] fatal: not a git repository (or any of the parent directories): .git
